ARM GAS  C:\Users\kotaro\AppData\Local\Temp\ccXzeeCQ.s 			page 1


   1              		.cpu cortex-m4
   2              		.eabi_attribute 27, 1
   3              		.eabi_attribute 28, 1
   4              		.eabi_attribute 20, 1
   5              		.eabi_attribute 21, 1
   6              		.eabi_attribute 23, 3
   7              		.eabi_attribute 24, 1
   8              		.eabi_attribute 25, 1
   9              		.eabi_attribute 26, 1
  10              		.eabi_attribute 30, 1
  11              		.eabi_attribute 34, 1
  12              		.eabi_attribute 18, 4
  13              		.file	"global.c"
  14              		.text
  15              	.Ltext0:
  16              		.cfi_sections	.debug_frame
  17              		.comm	count_ms,2,2
  18              		.comm	yawrate_tgt,6,4
  19              		.comm	straight_tgt,6,4
  20              		.comm	yawrate_tim,6,4
  21              		.comm	straight_tim,6,4
  22              		.comm	batt,8,4
  23              		.comm	gyro,16,4
  24              		.comm	enc_c,16,4
  25              		.comm	enc_r,16,4
  26              		.comm	enc_l,16,4
  27              		.comm	sen_front,16,4
  28              		.comm	sen_r,16,4
  29              		.comm	sen_fr,16,4
  30              		.comm	sen_fl,16,4
  31              		.comm	sen_l,16,4
  32              		.comm	flag,4,4
  33              	.Letext0:
  34              		.file 1 "c:\\program files (x86)\\gnu tools arm embedded\\7 2017-q4-major\\arm-none-eabi\\include\
  35              		.file 2 "c:\\program files (x86)\\gnu tools arm embedded\\7 2017-q4-major\\arm-none-eabi\\include\
  36              		.file 3 "Inc/global.h"
  37              		.file 4 "Src/global.c"
ARM GAS  C:\Users\kotaro\AppData\Local\Temp\ccXzeeCQ.s 			page 2


DEFINED SYMBOLS
                            *ABS*:00000000 global.c
                            *COM*:00000002 count_ms
                            *COM*:00000006 yawrate_tgt
                            *COM*:00000006 straight_tgt
                            *COM*:00000006 yawrate_tim
                            *COM*:00000006 straight_tim
                            *COM*:00000008 batt
                            *COM*:00000010 gyro
                            *COM*:00000010 enc_c
                            *COM*:00000010 enc_r
                            *COM*:00000010 enc_l
                            *COM*:00000010 sen_front
                            *COM*:00000010 sen_r
                            *COM*:00000010 sen_fr
                            *COM*:00000010 sen_fl
                            *COM*:00000010 sen_l
                            *COM*:00000004 flag

NO UNDEFINED SYMBOLS
