ARM GAS  C:\Users\kotaro\AppData\Local\Temp\cc9rA02X.s 			page 1


   1              		.cpu cortex-m4
   2              		.eabi_attribute 27, 1
   3              		.eabi_attribute 28, 1
   4              		.eabi_attribute 20, 1
   5              		.eabi_attribute 21, 1
   6              		.eabi_attribute 23, 3
   7              		.eabi_attribute 24, 1
   8              		.eabi_attribute 25, 1
   9              		.eabi_attribute 26, 1
  10              		.eabi_attribute 30, 1
  11              		.eabi_attribute 34, 1
  12              		.eabi_attribute 18, 4
  13              		.file	"interface.c"
  14              		.text
  15              	.Ltext0:
  16              		.cfi_sections	.debug_frame
  17              		.section	.text.Output_Buzzer,"ax",%progbits
  18              		.align	1
  19              		.global	Output_Buzzer
  20              		.syntax unified
  21              		.thumb
  22              		.thumb_func
  23              		.fpu fpv4-sp-d16
  25              	Output_Buzzer:
  26              	.LFB126:
  27              		.file 1 "Src/interface.c"
   1:Src/interface.c **** #include "interface.h"
   2:Src/interface.c **** #include "gpio.h"
   3:Src/interface.c **** #include "tim.h"
   4:Src/interface.c **** 
   5:Src/interface.c **** 
   6:Src/interface.c **** /****************************************************************************************
   7:Src/interface.c ****  * outline  : turn on buzzer 0.3sec
   8:Src/interface.c ****  * argument : Hz
   9:Src/interface.c ****  * return   : void
  10:Src/interface.c **** ********************************************************************************************/
  11:Src/interface.c **** void Output_Buzzer(unsigned char Hz){
  28              		.loc 1 11 0
  29              		.cfi_startproc
  30              		@ args = 0, pretend = 0, frame = 0
  31              		@ frame_needed = 0, uses_anonymous_args = 0
  32              	.LVL0:
  33 0000 08B5     		push	{r3, lr}
  34              	.LCFI0:
  35              		.cfi_def_cfa_offset 8
  36              		.cfi_offset 3, -8
  37              		.cfi_offset 14, -4
  12:Src/interface.c ****   Buzzer_pwm(Hz,300);
  38              		.loc 1 12 0
  39 0002 4FF49671 		mov	r1, #300
  40 0006 FFF7FEFF 		bl	Buzzer_pwm
  41              	.LVL1:
  13:Src/interface.c ****   HAL_Delay(100);
  42              		.loc 1 13 0
  43 000a 6420     		movs	r0, #100
  44 000c FFF7FEFF 		bl	HAL_Delay
  45              	.LVL2:
ARM GAS  C:\Users\kotaro\AppData\Local\Temp\cc9rA02X.s 			page 2


  14:Src/interface.c ****   Buzzer_pwm(HZ_NORMAL,0);
  46              		.loc 1 14 0
  47 0010 0021     		movs	r1, #0
  48 0012 0A20     		movs	r0, #10
  49 0014 FFF7FEFF 		bl	Buzzer_pwm
  50              	.LVL3:
  15:Src/interface.c **** }
  51              		.loc 1 15 0
  52 0018 08BD     		pop	{r3, pc}
  53              		.cfi_endproc
  54              	.LFE126:
  56              		.section	.text.Push,"ax",%progbits
  57              		.align	1
  58              		.global	Push
  59              		.syntax unified
  60              		.thumb
  61              		.thumb_func
  62              		.fpu fpv4-sp-d16
  64              	Push:
  65              	.LFB127:
  16:Src/interface.c **** 
  17:Src/interface.c **** /****************************************************************************************
  18:Src/interface.c ****  * outline  : push -> ON , else -> OFF
  19:Src/interface.c ****  * argument : void
  20:Src/interface.c ****  * return   : ON or OFF
  21:Src/interface.c **** ********************************************************************************************/
  22:Src/interface.c **** unsigned char Push(void){
  66              		.loc 1 22 0
  67              		.cfi_startproc
  68              		@ args = 0, pretend = 0, frame = 0
  69              		@ frame_needed = 0, uses_anonymous_args = 0
  70 0000 10B5     		push	{r4, lr}
  71              	.LCFI1:
  72              		.cfi_def_cfa_offset 8
  73              		.cfi_offset 4, -8
  74              		.cfi_offset 14, -4
  23:Src/interface.c ****   unsigned char push;
  24:Src/interface.c ****   if(HAL_GPIO_ReadPin(push0_GPIO_Port,push0_Pin) == GPIO_PIN_RESET){
  75              		.loc 1 24 0
  76 0002 074C     		ldr	r4, .L7
  77 0004 0421     		movs	r1, #4
  78 0006 2046     		mov	r0, r4
  79 0008 FFF7FEFF 		bl	HAL_GPIO_ReadPin
  80              	.LVL4:
  25:Src/interface.c ****     push=1;
  26:Src/interface.c ****   }
  27:Src/interface.c ****   if(HAL_GPIO_ReadPin(push0_GPIO_Port,push0_Pin) == GPIO_PIN_SET){
  81              		.loc 1 27 0
  82 000c 0421     		movs	r1, #4
  83 000e 2046     		mov	r0, r4
  84 0010 FFF7FEFF 		bl	HAL_GPIO_ReadPin
  85              	.LVL5:
  86 0014 0128     		cmp	r0, #1
  87 0016 01D0     		beq	.L5
  88 0018 0120     		movs	r0, #1
  89              	.L4:
  90              	.LVL6:
ARM GAS  C:\Users\kotaro\AppData\Local\Temp\cc9rA02X.s 			page 3


  28:Src/interface.c ****     push = 0;
  29:Src/interface.c ****   }
  30:Src/interface.c ****   return push;
  31:Src/interface.c **** }
  91              		.loc 1 31 0
  92 001a 10BD     		pop	{r4, pc}
  93              	.LVL7:
  94              	.L5:
  28:Src/interface.c ****     push = 0;
  95              		.loc 1 28 0
  96 001c 0020     		movs	r0, #0
  97 001e FCE7     		b	.L4
  98              	.L8:
  99              		.align	2
 100              	.L7:
 101 0020 000C0240 		.word	1073875968
 102              		.cfi_endproc
 103              	.LFE127:
 105              		.section	.text.All_LED_ON,"ax",%progbits
 106              		.align	1
 107              		.global	All_LED_ON
 108              		.syntax unified
 109              		.thumb
 110              		.thumb_func
 111              		.fpu fpv4-sp-d16
 113              	All_LED_ON:
 114              	.LFB128:
  32:Src/interface.c **** 
  33:Src/interface.c **** /****************************************************************************************
  34:Src/interface.c ****  * outline  : turn on all led
  35:Src/interface.c ****  * argument : void
  36:Src/interface.c ****  * return   : void
  37:Src/interface.c **** ********************************************************************************************/
  38:Src/interface.c **** void All_LED_ON(void)
  39:Src/interface.c **** {
 115              		.loc 1 39 0
 116              		.cfi_startproc
 117              		@ args = 0, pretend = 0, frame = 0
 118              		@ frame_needed = 0, uses_anonymous_args = 0
 119 0000 10B5     		push	{r4, lr}
 120              	.LCFI2:
 121              		.cfi_def_cfa_offset 8
 122              		.cfi_offset 4, -8
 123              		.cfi_offset 14, -4
  40:Src/interface.c ****   HAL_GPIO_WritePin(led0_GPIO_Port,led0_Pin,GPIO_PIN_RESET);
 124              		.loc 1 40 0
 125 0002 0C4C     		ldr	r4, .L11
 126 0004 0022     		movs	r2, #0
 127 0006 4FF40051 		mov	r1, #8192
 128 000a 2046     		mov	r0, r4
 129 000c FFF7FEFF 		bl	HAL_GPIO_WritePin
 130              	.LVL8:
  41:Src/interface.c ****   HAL_GPIO_WritePin(led1_GPIO_Port,led1_Pin,GPIO_PIN_RESET);
 131              		.loc 1 41 0
 132 0010 0022     		movs	r2, #0
 133 0012 4FF48041 		mov	r1, #16384
 134 0016 2046     		mov	r0, r4
ARM GAS  C:\Users\kotaro\AppData\Local\Temp\cc9rA02X.s 			page 4


 135 0018 FFF7FEFF 		bl	HAL_GPIO_WritePin
 136              	.LVL9:
  42:Src/interface.c ****   HAL_GPIO_WritePin(led2_GPIO_Port,led2_Pin,GPIO_PIN_RESET);
 137              		.loc 1 42 0
 138 001c 0022     		movs	r2, #0
 139 001e 8021     		movs	r1, #128
 140 0020 2046     		mov	r0, r4
 141 0022 FFF7FEFF 		bl	HAL_GPIO_WritePin
 142              	.LVL10:
  43:Src/interface.c ****   HAL_GPIO_WritePin(led3_GPIO_Port,led3_Pin,GPIO_PIN_RESET);
 143              		.loc 1 43 0
 144 0026 0022     		movs	r2, #0
 145 0028 4FF48071 		mov	r1, #256
 146 002c 2046     		mov	r0, r4
 147 002e FFF7FEFF 		bl	HAL_GPIO_WritePin
 148              	.LVL11:
  44:Src/interface.c **** }
 149              		.loc 1 44 0
 150 0032 10BD     		pop	{r4, pc}
 151              	.L12:
 152              		.align	2
 153              	.L11:
 154 0034 00080240 		.word	1073874944
 155              		.cfi_endproc
 156              	.LFE128:
 158              		.section	.text.All_LED_OFF,"ax",%progbits
 159              		.align	1
 160              		.global	All_LED_OFF
 161              		.syntax unified
 162              		.thumb
 163              		.thumb_func
 164              		.fpu fpv4-sp-d16
 166              	All_LED_OFF:
 167              	.LFB129:
  45:Src/interface.c **** 
  46:Src/interface.c **** /****************************************************************************************
  47:Src/interface.c ****  * outline  : turn off all led
  48:Src/interface.c ****  * argument : void
  49:Src/interface.c ****  * return   : void
  50:Src/interface.c **** ********************************************************************************************/
  51:Src/interface.c **** void All_LED_OFF(void)
  52:Src/interface.c **** {
 168              		.loc 1 52 0
 169              		.cfi_startproc
 170              		@ args = 0, pretend = 0, frame = 0
 171              		@ frame_needed = 0, uses_anonymous_args = 0
 172 0000 10B5     		push	{r4, lr}
 173              	.LCFI3:
 174              		.cfi_def_cfa_offset 8
 175              		.cfi_offset 4, -8
 176              		.cfi_offset 14, -4
  53:Src/interface.c ****   HAL_GPIO_WritePin(led0_GPIO_Port,led0_Pin,GPIO_PIN_SET);
 177              		.loc 1 53 0
 178 0002 0C4C     		ldr	r4, .L15
 179 0004 0122     		movs	r2, #1
 180 0006 4FF40051 		mov	r1, #8192
 181 000a 2046     		mov	r0, r4
ARM GAS  C:\Users\kotaro\AppData\Local\Temp\cc9rA02X.s 			page 5


 182 000c FFF7FEFF 		bl	HAL_GPIO_WritePin
 183              	.LVL12:
  54:Src/interface.c ****   HAL_GPIO_WritePin(led1_GPIO_Port,led1_Pin,GPIO_PIN_SET);
 184              		.loc 1 54 0
 185 0010 0122     		movs	r2, #1
 186 0012 4FF48041 		mov	r1, #16384
 187 0016 2046     		mov	r0, r4
 188 0018 FFF7FEFF 		bl	HAL_GPIO_WritePin
 189              	.LVL13:
  55:Src/interface.c ****   HAL_GPIO_WritePin(led2_GPIO_Port,led2_Pin,GPIO_PIN_SET);
 190              		.loc 1 55 0
 191 001c 0122     		movs	r2, #1
 192 001e 8021     		movs	r1, #128
 193 0020 2046     		mov	r0, r4
 194 0022 FFF7FEFF 		bl	HAL_GPIO_WritePin
 195              	.LVL14:
  56:Src/interface.c ****   HAL_GPIO_WritePin(led3_GPIO_Port,led3_Pin,GPIO_PIN_SET);
 196              		.loc 1 56 0
 197 0026 0122     		movs	r2, #1
 198 0028 4FF48071 		mov	r1, #256
 199 002c 2046     		mov	r0, r4
 200 002e FFF7FEFF 		bl	HAL_GPIO_WritePin
 201              	.LVL15:
  57:Src/interface.c **** }
 202              		.loc 1 57 0
 203 0032 10BD     		pop	{r4, pc}
 204              	.L16:
 205              		.align	2
 206              	.L15:
 207 0034 00080240 		.word	1073874944
 208              		.cfi_endproc
 209              	.LFE129:
 211              		.section	.text.LED_Control,"ax",%progbits
 212              		.align	1
 213              		.global	LED_Control
 214              		.syntax unified
 215              		.thumb
 216              		.thumb_func
 217              		.fpu fpv4-sp-d16
 219              	LED_Control:
 220              	.LFB130:
  58:Src/interface.c **** 
  59:Src/interface.c **** void LED_Control(unsigned char pattern){
 221              		.loc 1 59 0
 222              		.cfi_startproc
 223              		@ args = 0, pretend = 0, frame = 0
 224              		@ frame_needed = 0, uses_anonymous_args = 0
 225              	.LVL16:
 226 0000 10B5     		push	{r4, lr}
 227              	.LCFI4:
 228              		.cfi_def_cfa_offset 8
 229              		.cfi_offset 4, -8
 230              		.cfi_offset 14, -4
  60:Src/interface.c ****   if(pattern == 0) All_LED_OFF();
 231              		.loc 1 60 0
 232 0002 0446     		mov	r4, r0
 233 0004 18B3     		cbz	r0, .L28
ARM GAS  C:\Users\kotaro\AppData\Local\Temp\cc9rA02X.s 			page 6


 234              	.LVL17:
 235              	.L18:
  61:Src/interface.c ****   if((pattern & 0b0001) == 0b0001) HAL_GPIO_WritePin(led0_GPIO_Port,led0_Pin,GPIO_PIN_RESET);
 236              		.loc 1 61 0
 237 0006 14F0010F 		tst	r4, #1
 238 000a 23D0     		beq	.L19
 239              		.loc 1 61 0 is_stmt 0 discriminator 1
 240 000c 0022     		movs	r2, #0
 241 000e 4FF40051 		mov	r1, #8192
 242 0012 1E48     		ldr	r0, .L30
 243 0014 FFF7FEFF 		bl	HAL_GPIO_WritePin
 244              	.LVL18:
 245              	.L20:
  62:Src/interface.c ****   else                             HAL_GPIO_WritePin(led0_GPIO_Port,led0_Pin,GPIO_PIN_SET);
  63:Src/interface.c ****   if((pattern & 0b0010) == 0b0010) HAL_GPIO_WritePin(led1_GPIO_Port,led1_Pin,GPIO_PIN_RESET);
 246              		.loc 1 63 0 is_stmt 1
 247 0018 14F0020F 		tst	r4, #2
 248 001c 21D0     		beq	.L21
 249              		.loc 1 63 0 is_stmt 0 discriminator 1
 250 001e 0022     		movs	r2, #0
 251 0020 4FF48041 		mov	r1, #16384
 252 0024 1948     		ldr	r0, .L30
 253 0026 FFF7FEFF 		bl	HAL_GPIO_WritePin
 254              	.LVL19:
 255              	.L22:
  64:Src/interface.c ****   else                             HAL_GPIO_WritePin(led1_GPIO_Port,led1_Pin,GPIO_PIN_SET);
  65:Src/interface.c ****   if((pattern & 0b0100) == 0b0100) HAL_GPIO_WritePin(led2_GPIO_Port,led2_Pin,GPIO_PIN_RESET);
 256              		.loc 1 65 0 is_stmt 1
 257 002a 14F0040F 		tst	r4, #4
 258 002e 1FD0     		beq	.L23
 259              		.loc 1 65 0 is_stmt 0 discriminator 1
 260 0030 0022     		movs	r2, #0
 261 0032 8021     		movs	r1, #128
 262 0034 1548     		ldr	r0, .L30
 263 0036 FFF7FEFF 		bl	HAL_GPIO_WritePin
 264              	.LVL20:
 265              	.L24:
  66:Src/interface.c ****   else                             HAL_GPIO_WritePin(led2_GPIO_Port,led2_Pin,GPIO_PIN_SET);
  67:Src/interface.c ****   if((pattern & 0b1000) == 0b1000) HAL_GPIO_WritePin(led3_GPIO_Port,led3_Pin,GPIO_PIN_RESET);
 266              		.loc 1 67 0 is_stmt 1
 267 003a 14F0080F 		tst	r4, #8
 268 003e 1DD1     		bne	.L29
  68:Src/interface.c ****   else                             HAL_GPIO_WritePin(led3_GPIO_Port,led3_Pin,GPIO_PIN_SET);
 269              		.loc 1 68 0
 270 0040 0122     		movs	r2, #1
 271 0042 4FF48071 		mov	r1, #256
 272 0046 1148     		ldr	r0, .L30
 273 0048 FFF7FEFF 		bl	HAL_GPIO_WritePin
 274              	.LVL21:
 275              	.L17:
  69:Src/interface.c **** }...
 276              		.loc 1 69 0
 277 004c 10BD     		pop	{r4, pc}
 278              	.LVL22:
 279              	.L28:
  60:Src/interface.c ****   if(pattern == 0) All_LED_OFF();
 280              		.loc 1 60 0 discriminator 1
ARM GAS  C:\Users\kotaro\AppData\Local\Temp\cc9rA02X.s 			page 7


 281 004e FFF7FEFF 		bl	All_LED_OFF
 282              	.LVL23:
 283 0052 D8E7     		b	.L18
 284              	.L19:
  62:Src/interface.c ****   else                             HAL_GPIO_WritePin(led0_GPIO_Port,led0_Pin,GPIO_PIN_SET);
 285              		.loc 1 62 0
 286 0054 0122     		movs	r2, #1
 287 0056 4FF40051 		mov	r1, #8192
 288 005a 0C48     		ldr	r0, .L30
 289 005c FFF7FEFF 		bl	HAL_GPIO_WritePin
 290              	.LVL24:
 291 0060 DAE7     		b	.L20
 292              	.L21:
  64:Src/interface.c ****   else                             HAL_GPIO_WritePin(led1_GPIO_Port,led1_Pin,GPIO_PIN_SET);
 293              		.loc 1 64 0
 294 0062 0122     		movs	r2, #1
 295 0064 4FF48041 		mov	r1, #16384
 296 0068 0848     		ldr	r0, .L30
 297 006a FFF7FEFF 		bl	HAL_GPIO_WritePin
 298              	.LVL25:
 299 006e DCE7     		b	.L22
 300              	.L23:
  66:Src/interface.c ****   else                             HAL_GPIO_WritePin(led2_GPIO_Port,led2_Pin,GPIO_PIN_SET);
 301              		.loc 1 66 0
 302 0070 0122     		movs	r2, #1
 303 0072 8021     		movs	r1, #128
 304 0074 0548     		ldr	r0, .L30
 305 0076 FFF7FEFF 		bl	HAL_GPIO_WritePin
 306              	.LVL26:
 307 007a DEE7     		b	.L24
 308              	.L29:
  67:Src/interface.c ****   if((pattern & 0b1000) == 0b1000) HAL_GPIO_WritePin(led3_GPIO_Port,led3_Pin,GPIO_PIN_RESET);
 309              		.loc 1 67 0 discriminator 1
 310 007c 0022     		movs	r2, #0
 311 007e 4FF48071 		mov	r1, #256
 312 0082 0248     		ldr	r0, .L30
 313 0084 FFF7FEFF 		bl	HAL_GPIO_WritePin
 314              	.LVL27:
 315 0088 E0E7     		b	.L17
 316              	.L31:
 317 008a 00BF     		.align	2
 318              	.L30:
 319 008c 00080240 		.word	1073874944
 320              		.cfi_endproc
 321              	.LFE130:
 323              		.text
 324              	.Letext0:
 325              		.file 2 "c:\\program files (x86)\\gnu tools arm embedded\\7 2017-q4-major\\arm-none-eabi\\include\
 326              		.file 3 "c:\\program files (x86)\\gnu tools arm embedded\\7 2017-q4-major\\arm-none-eabi\\include\
 327              		.file 4 "Drivers/CMSIS/Include/core_cm4.h"
 328              		.file 5 "Drivers/CMSIS/Device/ST/STM32F4xx/Include/system_stm32f4xx.h"
 329              		.file 6 "Drivers/CMSIS/Device/ST/STM32F4xx/Include/stm32f405xx.h"
 330              		.file 7 "c:\\program files (x86)\\gnu tools arm embedded\\7 2017-q4-major\\arm-none-eabi\\include\
 331              		.file 8 "c:\\program files (x86)\\gnu tools arm embedded\\7 2017-q4-major\\arm-none-eabi\\include\
 332              		.file 9 "c:\\program files (x86)\\gnu tools arm embedded\\7 2017-q4-major\\lib\\gcc\\arm-none-eabi
 333              		.file 10 "c:\\program files (x86)\\gnu tools arm embedded\\7 2017-q4-major\\arm-none-eabi\\include
 334              		.file 11 "Drivers/STM32F4xx_HAL_Driver/Inc/stm32f4xx_hal_def.h"
ARM GAS  C:\Users\kotaro\AppData\Local\Temp\cc9rA02X.s 			page 8


 335              		.file 12 "Drivers/STM32F4xx_HAL_Driver/Inc/stm32f4xx_hal_gpio.h"
 336              		.file 13 "Drivers/STM32F4xx_HAL_Driver/Inc/stm32f4xx_hal_dma.h"
 337              		.file 14 "Drivers/STM32F4xx_HAL_Driver/Inc/stm32f4xx_hal_tim.h"
 338              		.file 15 "Inc/tim.h"
 339              		.file 16 "Drivers/STM32F4xx_HAL_Driver/Inc/stm32f4xx_hal.h"
ARM GAS  C:\Users\kotaro\AppData\Local\Temp\cc9rA02X.s 			page 9


DEFINED SYMBOLS
                            *ABS*:00000000 interface.c
C:\Users\kotaro\AppData\Local\Temp\cc9rA02X.s:18     .text.Output_Buzzer:00000000 $t
C:\Users\kotaro\AppData\Local\Temp\cc9rA02X.s:25     .text.Output_Buzzer:00000000 Output_Buzzer
C:\Users\kotaro\AppData\Local\Temp\cc9rA02X.s:57     .text.Push:00000000 $t
C:\Users\kotaro\AppData\Local\Temp\cc9rA02X.s:64     .text.Push:00000000 Push
C:\Users\kotaro\AppData\Local\Temp\cc9rA02X.s:101    .text.Push:00000020 $d
C:\Users\kotaro\AppData\Local\Temp\cc9rA02X.s:106    .text.All_LED_ON:00000000 $t
C:\Users\kotaro\AppData\Local\Temp\cc9rA02X.s:113    .text.All_LED_ON:00000000 All_LED_ON
C:\Users\kotaro\AppData\Local\Temp\cc9rA02X.s:154    .text.All_LED_ON:00000034 $d
C:\Users\kotaro\AppData\Local\Temp\cc9rA02X.s:159    .text.All_LED_OFF:00000000 $t
C:\Users\kotaro\AppData\Local\Temp\cc9rA02X.s:166    .text.All_LED_OFF:00000000 All_LED_OFF
C:\Users\kotaro\AppData\Local\Temp\cc9rA02X.s:207    .text.All_LED_OFF:00000034 $d
C:\Users\kotaro\AppData\Local\Temp\cc9rA02X.s:212    .text.LED_Control:00000000 $t
C:\Users\kotaro\AppData\Local\Temp\cc9rA02X.s:219    .text.LED_Control:00000000 LED_Control
C:\Users\kotaro\AppData\Local\Temp\cc9rA02X.s:319    .text.LED_Control:0000008c $d

UNDEFINED SYMBOLS
Buzzer_pwm
HAL_Delay
HAL_GPIO_ReadPin
HAL_GPIO_WritePin
