ARM GAS  C:\Users\kotaro\AppData\Local\Temp\cc7R0vRc.s 			page 1


   1              		.cpu cortex-m4
   2              		.eabi_attribute 27, 1
   3              		.eabi_attribute 28, 1
   4              		.eabi_attribute 20, 1
   5              		.eabi_attribute 21, 1
   6              		.eabi_attribute 23, 3
   7              		.eabi_attribute 24, 1
   8              		.eabi_attribute 25, 1
   9              		.eabi_attribute 26, 1
  10              		.eabi_attribute 30, 1
  11              		.eabi_attribute 34, 1
  12              		.eabi_attribute 18, 4
  13              		.file	"maze.c"
  14              		.text
  15              	.Ltext0:
  16              		.cfi_sections	.debug_frame
  17              		.comm	mazeDef,2,4
  18              		.comm	maze,1793,4
  19              		.comm	position,3,4
  20              	.Letext0:
  21              		.file 1 "c:\\program files (x86)\\gnu tools arm embedded\\7 2017-q4-major\\arm-none-eabi\\include\
  22              		.file 2 "c:\\program files (x86)\\gnu tools arm embedded\\7 2017-q4-major\\arm-none-eabi\\include\
  23              		.file 3 "Inc/maze.h"
  24              		.file 4 "Src/maze.c"
ARM GAS  C:\Users\kotaro\AppData\Local\Temp\cc7R0vRc.s 			page 2


DEFINED SYMBOLS
                            *ABS*:00000000 maze.c
                            *COM*:00000002 mazeDef
                            *COM*:00000701 maze
                            *COM*:00000003 position

NO UNDEFINED SYMBOLS
