ARM GAS  C:\Users\kotaro\AppData\Local\Temp\cclUbkpc.s 			page 1


   1              		.cpu cortex-m4
   2              		.eabi_attribute 27, 1
   3              		.eabi_attribute 28, 1
   4              		.eabi_attribute 20, 1
   5              		.eabi_attribute 21, 1
   6              		.eabi_attribute 23, 3
   7              		.eabi_attribute 24, 1
   8              		.eabi_attribute 25, 1
   9              		.eabi_attribute 26, 1
  10              		.eabi_attribute 30, 1
  11              		.eabi_attribute 34, 1
  12              		.eabi_attribute 18, 4
  13              		.file	"spi.c"
  14              		.text
  15              	.Ltext0:
  16              		.cfi_sections	.debug_frame
  17              		.section	.text.MX_SPI2_Init,"ax",%progbits
  18              		.align	1
  19              		.global	MX_SPI2_Init
  20              		.syntax unified
  21              		.thumb
  22              		.thumb_func
  23              		.fpu fpv4-sp-d16
  25              	MX_SPI2_Init:
  26              	.LFB126:
  27              		.file 1 "Src/spi.c"
   1:Src/spi.c     **** /**
   2:Src/spi.c     ****   ******************************************************************************
   3:Src/spi.c     ****   * File Name          : SPI.c
   4:Src/spi.c     ****   * Description        : This file provides code for the configuration
   5:Src/spi.c     ****   *                      of the SPI instances.
   6:Src/spi.c     ****   ******************************************************************************
   7:Src/spi.c     ****   ** This notice applies to any and all portions of this file
   8:Src/spi.c     ****   * that are not between comment pairs USER CODE BEGIN and
   9:Src/spi.c     ****   * USER CODE END. Other portions of this file, whether 
  10:Src/spi.c     ****   * inserted by the user or by software development tools
  11:Src/spi.c     ****   * are owned by their respective copyright owners.
  12:Src/spi.c     ****   *
  13:Src/spi.c     ****   * COPYRIGHT(c) 2018 STMicroelectronics
  14:Src/spi.c     ****   *
  15:Src/spi.c     ****   * Redistribution and use in source and binary forms, with or without modification,
  16:Src/spi.c     ****   * are permitted provided that the following conditions are met:
  17:Src/spi.c     ****   *   1. Redistributions of source code must retain the above copyright notice,
  18:Src/spi.c     ****   *      this list of conditions and the following disclaimer.
  19:Src/spi.c     ****   *   2. Redistributions in binary form must reproduce the above copyright notice,
  20:Src/spi.c     ****   *      this list of conditions and the following disclaimer in the documentation
  21:Src/spi.c     ****   *      and/or other materials provided with the distribution.
  22:Src/spi.c     ****   *   3. Neither the name of STMicroelectronics nor the names of its contributors
  23:Src/spi.c     ****   *      may be used to endorse or promote products derived from this software
  24:Src/spi.c     ****   *      without specific prior written permission.
  25:Src/spi.c     ****   *
  26:Src/spi.c     ****   * THIS SOFTWARE IS PROVIDED BY THE COPYRIGHT HOLDERS AND CONTRIBUTORS "AS IS"
  27:Src/spi.c     ****   * AND ANY EXPRESS OR IMPLIED WARRANTIES, INCLUDING, BUT NOT LIMITED TO, THE
  28:Src/spi.c     ****   * IMPLIED WARRANTIES OF MERCHANTABILITY AND FITNESS FOR A PARTICULAR PURPOSE ARE
  29:Src/spi.c     ****   * DISCLAIMED. IN NO EVENT SHALL THE COPYRIGHT HOLDER OR CONTRIBUTORS BE LIABLE
  30:Src/spi.c     ****   * FOR ANY DIRECT, INDIRECT, INCIDENTAL, SPECIAL, EXEMPLARY, OR CONSEQUENTIAL
  31:Src/spi.c     ****   * DAMAGES (INCLUDING, BUT NOT LIMITED TO, PROCUREMENT OF SUBSTITUTE GOODS OR
ARM GAS  C:\Users\kotaro\AppData\Local\Temp\cclUbkpc.s 			page 2


  32:Src/spi.c     ****   * SERVICES; LOSS OF USE, DATA, OR PROFITS; OR BUSINESS INTERRUPTION) HOWEVER
  33:Src/spi.c     ****   * CAUSED AND ON ANY THEORY OF LIABILITY, WHETHER IN CONTRACT, STRICT LIABILITY,
  34:Src/spi.c     ****   * OR TORT (INCLUDING NEGLIGENCE OR OTHERWISE) ARISING IN ANY WAY OUT OF THE USE
  35:Src/spi.c     ****   * OF THIS SOFTWARE, EVEN IF ADVISED OF THE POSSIBILITY OF SUCH DAMAGE.
  36:Src/spi.c     ****   *
  37:Src/spi.c     ****   ******************************************************************************
  38:Src/spi.c     ****   */
  39:Src/spi.c     **** 
  40:Src/spi.c     **** /* Includes ------------------------------------------------------------------*/
  41:Src/spi.c     **** #include "spi.h"
  42:Src/spi.c     **** 
  43:Src/spi.c     **** #include "gpio.h"
  44:Src/spi.c     **** 
  45:Src/spi.c     **** /* USER CODE BEGIN 0 */
  46:Src/spi.c     **** #include "global.h"
  47:Src/spi.c     **** /* USER CODE END 0 */
  48:Src/spi.c     **** 
  49:Src/spi.c     **** SPI_HandleTypeDef hspi2;
  50:Src/spi.c     **** 
  51:Src/spi.c     **** /* SPI2 init function */
  52:Src/spi.c     **** void MX_SPI2_Init(void)
  53:Src/spi.c     **** {
  28              		.loc 1 53 0
  29              		.cfi_startproc
  30              		@ args = 0, pretend = 0, frame = 0
  31              		@ frame_needed = 0, uses_anonymous_args = 0
  32 0000 08B5     		push	{r3, lr}
  33              	.LCFI0:
  34              		.cfi_def_cfa_offset 8
  35              		.cfi_offset 3, -8
  36              		.cfi_offset 14, -4
  54:Src/spi.c     **** 
  55:Src/spi.c     ****   hspi2.Instance = SPI2;
  37              		.loc 1 55 0
  38 0002 0E48     		ldr	r0, .L5
  39 0004 0E4B     		ldr	r3, .L5+4
  40 0006 0360     		str	r3, [r0]
  56:Src/spi.c     ****   hspi2.Init.Mode = SPI_MODE_MASTER;
  41              		.loc 1 56 0
  42 0008 4FF48273 		mov	r3, #260
  43 000c 4360     		str	r3, [r0, #4]
  57:Src/spi.c     ****   hspi2.Init.Direction = SPI_DIRECTION_2LINES;
  44              		.loc 1 57 0
  45 000e 0023     		movs	r3, #0
  46 0010 8360     		str	r3, [r0, #8]
  58:Src/spi.c     ****   hspi2.Init.DataSize = SPI_DATASIZE_8BIT;
  47              		.loc 1 58 0
  48 0012 C360     		str	r3, [r0, #12]
  59:Src/spi.c     ****   hspi2.Init.CLKPolarity = SPI_POLARITY_LOW;
  49              		.loc 1 59 0
  50 0014 0361     		str	r3, [r0, #16]
  60:Src/spi.c     ****   hspi2.Init.CLKPhase = SPI_PHASE_1EDGE;
  51              		.loc 1 60 0
  52 0016 4361     		str	r3, [r0, #20]
  61:Src/spi.c     ****   hspi2.Init.NSS = SPI_NSS_SOFT;
  53              		.loc 1 61 0
  54 0018 4FF40072 		mov	r2, #512
ARM GAS  C:\Users\kotaro\AppData\Local\Temp\cclUbkpc.s 			page 3


  55 001c 8261     		str	r2, [r0, #24]
  62:Src/spi.c     ****   hspi2.Init.BaudRatePrescaler = SPI_BAUDRATEPRESCALER_2;
  56              		.loc 1 62 0
  57 001e C361     		str	r3, [r0, #28]
  63:Src/spi.c     ****   hspi2.Init.FirstBit = SPI_FIRSTBIT_MSB;
  58              		.loc 1 63 0
  59 0020 0362     		str	r3, [r0, #32]
  64:Src/spi.c     ****   hspi2.Init.TIMode = SPI_TIMODE_DISABLE;
  60              		.loc 1 64 0
  61 0022 4362     		str	r3, [r0, #36]
  65:Src/spi.c     ****   hspi2.Init.CRCCalculation = SPI_CRCCALCULATION_DISABLE;
  62              		.loc 1 65 0
  63 0024 8362     		str	r3, [r0, #40]
  66:Src/spi.c     ****   hspi2.Init.CRCPolynomial = 10;
  64              		.loc 1 66 0
  65 0026 0A23     		movs	r3, #10
  66 0028 C362     		str	r3, [r0, #44]
  67:Src/spi.c     ****   if (HAL_SPI_Init(&hspi2) != HAL_OK)
  67              		.loc 1 67 0
  68 002a FFF7FEFF 		bl	HAL_SPI_Init
  69              	.LVL0:
  70 002e 00B9     		cbnz	r0, .L4
  71              	.L1:
  68:Src/spi.c     ****   {
  69:Src/spi.c     ****     _Error_Handler(__FILE__, __LINE__);
  70:Src/spi.c     ****   }
  71:Src/spi.c     **** 
  72:Src/spi.c     **** }
  72              		.loc 1 72 0
  73 0030 08BD     		pop	{r3, pc}
  74              	.L4:
  69:Src/spi.c     ****   }
  75              		.loc 1 69 0
  76 0032 4521     		movs	r1, #69
  77 0034 0348     		ldr	r0, .L5+8
  78 0036 FFF7FEFF 		bl	_Error_Handler
  79              	.LVL1:
  80              		.loc 1 72 0
  81 003a F9E7     		b	.L1
  82              	.L6:
  83              		.align	2
  84              	.L5:
  85 003c 00000000 		.word	hspi2
  86 0040 00380040 		.word	1073756160
  87 0044 00000000 		.word	.LC0
  88              		.cfi_endproc
  89              	.LFE126:
  91              		.section	.text.HAL_SPI_MspInit,"ax",%progbits
  92              		.align	1
  93              		.global	HAL_SPI_MspInit
  94              		.syntax unified
  95              		.thumb
  96              		.thumb_func
  97              		.fpu fpv4-sp-d16
  99              	HAL_SPI_MspInit:
 100              	.LFB127:
  73:Src/spi.c     **** 
ARM GAS  C:\Users\kotaro\AppData\Local\Temp\cclUbkpc.s 			page 4


  74:Src/spi.c     **** void HAL_SPI_MspInit(SPI_HandleTypeDef* spiHandle)
  75:Src/spi.c     **** {
 101              		.loc 1 75 0
 102              		.cfi_startproc
 103              		@ args = 0, pretend = 0, frame = 24
 104              		@ frame_needed = 0, uses_anonymous_args = 0
 105              	.LVL2:
  76:Src/spi.c     **** 
  77:Src/spi.c     ****   GPIO_InitTypeDef GPIO_InitStruct;
  78:Src/spi.c     ****   if(spiHandle->Instance==SPI2)
 106              		.loc 1 78 0
 107 0000 0268     		ldr	r2, [r0]
 108 0002 124B     		ldr	r3, .L14
 109 0004 9A42     		cmp	r2, r3
 110 0006 00D0     		beq	.L13
 111 0008 7047     		bx	lr
 112              	.L13:
  75:Src/spi.c     **** 
 113              		.loc 1 75 0
 114 000a 00B5     		push	{lr}
 115              	.LCFI1:
 116              		.cfi_def_cfa_offset 4
 117              		.cfi_offset 14, -4
 118 000c 87B0     		sub	sp, sp, #28
 119              	.LCFI2:
 120              		.cfi_def_cfa_offset 32
 121              	.LBB2:
  79:Src/spi.c     ****   {
  80:Src/spi.c     ****   /* USER CODE BEGIN SPI2_MspInit 0 */
  81:Src/spi.c     **** 
  82:Src/spi.c     ****   /* USER CODE END SPI2_MspInit 0 */
  83:Src/spi.c     ****     /* SPI2 clock enable */
  84:Src/spi.c     ****     __HAL_RCC_SPI2_CLK_ENABLE();
 122              		.loc 1 84 0
 123 000e 0021     		movs	r1, #0
 124 0010 0091     		str	r1, [sp]
 125 0012 03F50033 		add	r3, r3, #131072
 126 0016 1A6C     		ldr	r2, [r3, #64]
 127 0018 42F48042 		orr	r2, r2, #16384
 128 001c 1A64     		str	r2, [r3, #64]
 129 001e 1B6C     		ldr	r3, [r3, #64]
 130 0020 03F48043 		and	r3, r3, #16384
 131 0024 0093     		str	r3, [sp]
 132 0026 009B     		ldr	r3, [sp]
 133              	.LBE2:
  85:Src/spi.c     ****   
  86:Src/spi.c     ****     /**SPI2 GPIO Configuration    
  87:Src/spi.c     ****     PB13     ------> SPI2_SCK
  88:Src/spi.c     ****     PB14     ------> SPI2_MISO
  89:Src/spi.c     ****     PB15     ------> SPI2_MOSI 
  90:Src/spi.c     ****     */
  91:Src/spi.c     ****     GPIO_InitStruct.Pin = GPIO_PIN_13|GPIO_PIN_14|GPIO_PIN_15;
 134              		.loc 1 91 0
 135 0028 4FF46043 		mov	r3, #57344
 136 002c 0193     		str	r3, [sp, #4]
  92:Src/spi.c     ****     GPIO_InitStruct.Mode = GPIO_MODE_AF_PP;
 137              		.loc 1 92 0
ARM GAS  C:\Users\kotaro\AppData\Local\Temp\cclUbkpc.s 			page 5


 138 002e 0223     		movs	r3, #2
 139 0030 0293     		str	r3, [sp, #8]
  93:Src/spi.c     ****     GPIO_InitStruct.Pull = GPIO_NOPULL;
 140              		.loc 1 93 0
 141 0032 0391     		str	r1, [sp, #12]
  94:Src/spi.c     ****     GPIO_InitStruct.Speed = GPIO_SPEED_FREQ_VERY_HIGH;
 142              		.loc 1 94 0
 143 0034 0323     		movs	r3, #3
 144 0036 0493     		str	r3, [sp, #16]
  95:Src/spi.c     ****     GPIO_InitStruct.Alternate = GPIO_AF5_SPI2;
 145              		.loc 1 95 0
 146 0038 0523     		movs	r3, #5
 147 003a 0593     		str	r3, [sp, #20]
  96:Src/spi.c     ****     HAL_GPIO_Init(GPIOB, &GPIO_InitStruct);
 148              		.loc 1 96 0
 149 003c 01A9     		add	r1, sp, #4
 150 003e 0448     		ldr	r0, .L14+4
 151              	.LVL3:
 152 0040 FFF7FEFF 		bl	HAL_GPIO_Init
 153              	.LVL4:
  97:Src/spi.c     **** 
  98:Src/spi.c     ****   /* USER CODE BEGIN SPI2_MspInit 1 */
  99:Src/spi.c     **** 
 100:Src/spi.c     ****   /* USER CODE END SPI2_MspInit 1 */
 101:Src/spi.c     ****   }
 102:Src/spi.c     **** }
 154              		.loc 1 102 0
 155 0044 07B0     		add	sp, sp, #28
 156              	.LCFI3:
 157              		.cfi_def_cfa_offset 4
 158              		@ sp needed
 159 0046 5DF804FB 		ldr	pc, [sp], #4
 160              	.L15:
 161 004a 00BF     		.align	2
 162              	.L14:
 163 004c 00380040 		.word	1073756160
 164 0050 00040240 		.word	1073873920
 165              		.cfi_endproc
 166              	.LFE127:
 168              		.section	.text.HAL_SPI_MspDeInit,"ax",%progbits
 169              		.align	1
 170              		.global	HAL_SPI_MspDeInit
 171              		.syntax unified
 172              		.thumb
 173              		.thumb_func
 174              		.fpu fpv4-sp-d16
 176              	HAL_SPI_MspDeInit:
 177              	.LFB128:
 103:Src/spi.c     **** 
 104:Src/spi.c     **** void HAL_SPI_MspDeInit(SPI_HandleTypeDef* spiHandle)
 105:Src/spi.c     **** {
 178              		.loc 1 105 0
 179              		.cfi_startproc
 180              		@ args = 0, pretend = 0, frame = 0
 181              		@ frame_needed = 0, uses_anonymous_args = 0
 182              	.LVL5:
 183 0000 08B5     		push	{r3, lr}
ARM GAS  C:\Users\kotaro\AppData\Local\Temp\cclUbkpc.s 			page 6


 184              	.LCFI4:
 185              		.cfi_def_cfa_offset 8
 186              		.cfi_offset 3, -8
 187              		.cfi_offset 14, -4
 106:Src/spi.c     **** 
 107:Src/spi.c     ****   if(spiHandle->Instance==SPI2)
 188              		.loc 1 107 0
 189 0002 0268     		ldr	r2, [r0]
 190 0004 074B     		ldr	r3, .L20
 191 0006 9A42     		cmp	r2, r3
 192 0008 00D0     		beq	.L19
 193              	.LVL6:
 194              	.L16:
 108:Src/spi.c     ****   {
 109:Src/spi.c     ****   /* USER CODE BEGIN SPI2_MspDeInit 0 */
 110:Src/spi.c     **** 
 111:Src/spi.c     ****   /* USER CODE END SPI2_MspDeInit 0 */
 112:Src/spi.c     ****     /* Peripheral clock disable */
 113:Src/spi.c     ****     __HAL_RCC_SPI2_CLK_DISABLE();
 114:Src/spi.c     ****   
 115:Src/spi.c     ****     /**SPI2 GPIO Configuration    
 116:Src/spi.c     ****     PB13     ------> SPI2_SCK
 117:Src/spi.c     ****     PB14     ------> SPI2_MISO
 118:Src/spi.c     ****     PB15     ------> SPI2_MOSI 
 119:Src/spi.c     ****     */
 120:Src/spi.c     ****     HAL_GPIO_DeInit(GPIOB, GPIO_PIN_13|GPIO_PIN_14|GPIO_PIN_15);
 121:Src/spi.c     **** 
 122:Src/spi.c     ****   /* USER CODE BEGIN SPI2_MspDeInit 1 */
 123:Src/spi.c     **** 
 124:Src/spi.c     ****   /* USER CODE END SPI2_MspDeInit 1 */
 125:Src/spi.c     ****   }
 126:Src/spi.c     **** } 
 195              		.loc 1 126 0
 196 000a 08BD     		pop	{r3, pc}
 197              	.LVL7:
 198              	.L19:
 113:Src/spi.c     ****   
 199              		.loc 1 113 0
 200 000c 064A     		ldr	r2, .L20+4
 201 000e 136C     		ldr	r3, [r2, #64]
 202 0010 23F48043 		bic	r3, r3, #16384
 203 0014 1364     		str	r3, [r2, #64]
 120:Src/spi.c     **** 
 204              		.loc 1 120 0
 205 0016 4FF46041 		mov	r1, #57344
 206 001a 0448     		ldr	r0, .L20+8
 207              	.LVL8:
 208 001c FFF7FEFF 		bl	HAL_GPIO_DeInit
 209              	.LVL9:
 210              		.loc 1 126 0
 211 0020 F3E7     		b	.L16
 212              	.L21:
 213 0022 00BF     		.align	2
 214              	.L20:
 215 0024 00380040 		.word	1073756160
 216 0028 00380240 		.word	1073887232
 217 002c 00040240 		.word	1073873920
ARM GAS  C:\Users\kotaro\AppData\Local\Temp\cclUbkpc.s 			page 7


 218              		.cfi_endproc
 219              	.LFE128:
 221              		.section	.text.read_byte,"ax",%progbits
 222              		.align	1
 223              		.global	read_byte
 224              		.syntax unified
 225              		.thumb
 226              		.thumb_func
 227              		.fpu fpv4-sp-d16
 229              	read_byte:
 230              	.LFB129:
 127:Src/spi.c     **** 
 128:Src/spi.c     **** /* USER CODE BEGIN 1 */
 129:Src/spi.c     **** /********************************************************************
 130:Src/spi.c     ****  * Overview : spi read register
 131:Src/spi.c     ****  * Argument : register
 132:Src/spi.c     ****  * Return : 1byte data
 133:Src/spi.c     **** ********************************************************************/
 134:Src/spi.c     **** uint8_t read_byte(uint8_t reg){
 231              		.loc 1 134 0
 232              		.cfi_startproc
 233              		@ args = 0, pretend = 0, frame = 8
 234              		@ frame_needed = 0, uses_anonymous_args = 0
 235              	.LVL10:
 236 0000 30B5     		push	{r4, r5, lr}
 237              	.LCFI5:
 238              		.cfi_def_cfa_offset 12
 239              		.cfi_offset 4, -12
 240              		.cfi_offset 5, -8
 241              		.cfi_offset 14, -4
 242 0002 83B0     		sub	sp, sp, #12
 243              	.LCFI6:
 244              		.cfi_def_cfa_offset 24
 245 0004 0446     		mov	r4, r0
 135:Src/spi.c     ****   uint8_t ret,val;
 136:Src/spi.c     ****   HAL_GPIO_WritePin(gyro_cs_GPIO_Port,gyro_cs_Pin,GPIO_PIN_RESET);
 246              		.loc 1 136 0
 247 0006 114D     		ldr	r5, .L24
 248 0008 0022     		movs	r2, #0
 249 000a 4FF48051 		mov	r1, #4096
 250 000e 2846     		mov	r0, r5
 251              	.LVL11:
 252 0010 FFF7FEFF 		bl	HAL_GPIO_WritePin
 253              	.LVL12:
 137:Src/spi.c     ****   ret = reg|SETTING ;
 254              		.loc 1 137 0
 255 0014 64F07F04 		orn	r4, r4, #127
 256 0018 02A9     		add	r1, sp, #8
 257 001a 01F8014D 		strb	r4, [r1, #-1]!
 138:Src/spi.c     ****   //HAL_SPI_TransmitReceive(&hspi2,&ret,&val,1,400); //not work
 139:Src/spi.c     ****   HAL_SPI_Transmit(&hspi2,&ret,1,100);
 258              		.loc 1 139 0
 259 001e 0C4C     		ldr	r4, .L24+4
 260 0020 6423     		movs	r3, #100
 261 0022 0122     		movs	r2, #1
 262 0024 2046     		mov	r0, r4
 263 0026 FFF7FEFF 		bl	HAL_SPI_Transmit
ARM GAS  C:\Users\kotaro\AppData\Local\Temp\cclUbkpc.s 			page 8


 264              	.LVL13:
 140:Src/spi.c     ****   HAL_SPI_Receive(&hspi2,&val,1,100);
 265              		.loc 1 140 0
 266 002a 6423     		movs	r3, #100
 267 002c 0122     		movs	r2, #1
 268 002e 0DF10601 		add	r1, sp, #6
 269 0032 2046     		mov	r0, r4
 270 0034 FFF7FEFF 		bl	HAL_SPI_Receive
 271              	.LVL14:
 141:Src/spi.c     ****   HAL_GPIO_WritePin(gyro_cs_GPIO_Port,gyro_cs_Pin,GPIO_PIN_SET);
 272              		.loc 1 141 0
 273 0038 0122     		movs	r2, #1
 274 003a 4FF48051 		mov	r1, #4096
 275 003e 2846     		mov	r0, r5
 276 0040 FFF7FEFF 		bl	HAL_GPIO_WritePin
 277              	.LVL15:
 142:Src/spi.c     ****   return val;
 143:Src/spi.c     **** }
 278              		.loc 1 143 0
 279 0044 9DF80600 		ldrb	r0, [sp, #6]	@ zero_extendqisi2
 280 0048 03B0     		add	sp, sp, #12
 281              	.LCFI7:
 282              		.cfi_def_cfa_offset 12
 283              		@ sp needed
 284 004a 30BD     		pop	{r4, r5, pc}
 285              	.L25:
 286              		.align	2
 287              	.L24:
 288 004c 00040240 		.word	1073873920
 289 0050 00000000 		.word	hspi2
 290              		.cfi_endproc
 291              	.LFE129:
 293              		.section	.text.read_shift_byte,"ax",%progbits
 294              		.align	1
 295              		.global	read_shift_byte
 296              		.syntax unified
 297              		.thumb
 298              		.thumb_func
 299              		.fpu fpv4-sp-d16
 301              	read_shift_byte:
 302              	.LFB130:
 144:Src/spi.c     **** 
 145:Src/spi.c     **** 
 146:Src/spi.c     **** /****************************************************************
 147:Src/spi.c     ****  * Overview : shift 8bit and spi read register
 148:Src/spi.c     ****  * Argument : register
 149:Src/spi.c     ****  * Return : 2byte data (shift 8bit)
 150:Src/spi.c     ****  ************************************************************/
 151:Src/spi.c     **** int16_t read_shift_byte(uint8_t reg){
 303              		.loc 1 151 0
 304              		.cfi_startproc
 305              		@ args = 0, pretend = 0, frame = 8
 306              		@ frame_needed = 0, uses_anonymous_args = 0
 307              	.LVL16:
 308 0000 30B5     		push	{r4, r5, lr}
 309              	.LCFI8:
 310              		.cfi_def_cfa_offset 12
ARM GAS  C:\Users\kotaro\AppData\Local\Temp\cclUbkpc.s 			page 9


 311              		.cfi_offset 4, -12
 312              		.cfi_offset 5, -8
 313              		.cfi_offset 14, -4
 314 0002 83B0     		sub	sp, sp, #12
 315              	.LCFI9:
 316              		.cfi_def_cfa_offset 24
 317 0004 0446     		mov	r4, r0
 152:Src/spi.c     ****   uint8_t address,val_1;
 153:Src/spi.c     ****   int16_t val_2;
 154:Src/spi.c     ****   HAL_GPIO_WritePin(gyro_cs_GPIO_Port,gyro_cs_Pin,GPIO_PIN_RESET);
 318              		.loc 1 154 0
 319 0006 134D     		ldr	r5, .L28
 320 0008 0022     		movs	r2, #0
 321 000a 4FF48051 		mov	r1, #4096
 322 000e 2846     		mov	r0, r5
 323              	.LVL17:
 324 0010 FFF7FEFF 		bl	HAL_GPIO_WritePin
 325              	.LVL18:
 155:Src/spi.c     ****   address = reg | SETTING ;
 326              		.loc 1 155 0
 327 0014 64F07F04 		orn	r4, r4, #127
 328 0018 02A9     		add	r1, sp, #8
 329 001a 01F8014D 		strb	r4, [r1, #-1]!
 156:Src/spi.c     ****   //HAL_SPI_TransmitReceive(&hspi2,&address,&val_1,1,100); //not work
 157:Src/spi.c     ****   HAL_SPI_Transmit(&hspi2,&address,1,100);
 330              		.loc 1 157 0
 331 001e 0E4C     		ldr	r4, .L28+4
 332 0020 6423     		movs	r3, #100
 333 0022 0122     		movs	r2, #1
 334 0024 2046     		mov	r0, r4
 335 0026 FFF7FEFF 		bl	HAL_SPI_Transmit
 336              	.LVL19:
 158:Src/spi.c     ****   HAL_SPI_Receive(&hspi2,&val_1,1,100);
 337              		.loc 1 158 0
 338 002a 6423     		movs	r3, #100
 339 002c 0122     		movs	r2, #1
 340 002e 0DF10601 		add	r1, sp, #6
 341 0032 2046     		mov	r0, r4
 342 0034 FFF7FEFF 		bl	HAL_SPI_Receive
 343              	.LVL20:
 159:Src/spi.c     ****   val_2 = (int16_t)(val_1 << 8);
 344              		.loc 1 159 0
 345 0038 9DF80640 		ldrb	r4, [sp, #6]	@ zero_extendqisi2
 346 003c 2402     		lsls	r4, r4, #8
 347 003e 24B2     		sxth	r4, r4
 348              	.LVL21:
 160:Src/spi.c     ****   HAL_GPIO_WritePin(gyro_cs_GPIO_Port,gyro_cs_Pin,GPIO_PIN_SET);
 349              		.loc 1 160 0
 350 0040 0122     		movs	r2, #1
 351 0042 4FF48051 		mov	r1, #4096
 352 0046 2846     		mov	r0, r5
 353 0048 FFF7FEFF 		bl	HAL_GPIO_WritePin
 354              	.LVL22:
 161:Src/spi.c     ****   return val_2;
 162:Src/spi.c     **** }
 355              		.loc 1 162 0
 356 004c 2046     		mov	r0, r4
ARM GAS  C:\Users\kotaro\AppData\Local\Temp\cclUbkpc.s 			page 10


 357 004e 03B0     		add	sp, sp, #12
 358              	.LCFI10:
 359              		.cfi_def_cfa_offset 12
 360              		@ sp needed
 361 0050 30BD     		pop	{r4, r5, pc}
 362              	.LVL23:
 363              	.L29:
 364 0052 00BF     		.align	2
 365              	.L28:
 366 0054 00040240 		.word	1073873920
 367 0058 00000000 		.word	hspi2
 368              		.cfi_endproc
 369              	.LFE130:
 371              		.section	.text.write_byte,"ax",%progbits
 372              		.align	1
 373              		.global	write_byte
 374              		.syntax unified
 375              		.thumb
 376              		.thumb_func
 377              		.fpu fpv4-sp-d16
 379              	write_byte:
 380              	.LFB131:
 163:Src/spi.c     **** 
 164:Src/spi.c     **** 
 165:Src/spi.c     **** /**************************************************************
 166:Src/spi.c     ****  * Overview : spi write 1byte
 167:Src/spi.c     ****  * Argument : register
 168:Src/spi.c     ****  * Return : 
 169:Src/spi.c     ****  *************************************************************/
 170:Src/spi.c     **** void write_byte( uint8_t reg,uint8_t val){
 381              		.loc 1 170 0
 382              		.cfi_startproc
 383              		@ args = 0, pretend = 0, frame = 16
 384              		@ frame_needed = 0, uses_anonymous_args = 0
 385              	.LVL24:
 386 0000 70B5     		push	{r4, r5, r6, lr}
 387              	.LCFI11:
 388              		.cfi_def_cfa_offset 16
 389              		.cfi_offset 4, -16
 390              		.cfi_offset 5, -12
 391              		.cfi_offset 6, -8
 392              		.cfi_offset 14, -4
 393 0002 84B0     		sub	sp, sp, #16
 394              	.LCFI12:
 395              		.cfi_def_cfa_offset 32
 396 0004 8DF80710 		strb	r1, [sp, #7]
 171:Src/spi.c     ****   uint8_t ret;
 172:Src/spi.c     ****   ret = reg & 0x7F;
 397              		.loc 1 172 0
 398 0008 00F07F00 		and	r0, r0, #127
 399              	.LVL25:
 400 000c 04AC     		add	r4, sp, #16
 401 000e 04F8010D 		strb	r0, [r4, #-1]!
 173:Src/spi.c     ****   HAL_GPIO_WritePin(gyro_cs_GPIO_Port,gyro_cs_Pin,GPIO_PIN_RESET);
 402              		.loc 1 173 0
 403 0012 0E4D     		ldr	r5, .L32
 404 0014 0022     		movs	r2, #0
ARM GAS  C:\Users\kotaro\AppData\Local\Temp\cclUbkpc.s 			page 11


 405 0016 4FF48051 		mov	r1, #4096
 406              	.LVL26:
 407 001a 2846     		mov	r0, r5
 408 001c FFF7FEFF 		bl	HAL_GPIO_WritePin
 409              	.LVL27:
 174:Src/spi.c     ****   HAL_SPI_Transmit(&hspi2,&ret,1,100);
 410              		.loc 1 174 0
 411 0020 0B4E     		ldr	r6, .L32+4
 412 0022 6423     		movs	r3, #100
 413 0024 0122     		movs	r2, #1
 414 0026 2146     		mov	r1, r4
 415 0028 3046     		mov	r0, r6
 416 002a FFF7FEFF 		bl	HAL_SPI_Transmit
 417              	.LVL28:
 175:Src/spi.c     ****   HAL_SPI_Transmit(&hspi2,&val,1,100);
 418              		.loc 1 175 0
 419 002e 6423     		movs	r3, #100
 420 0030 0122     		movs	r2, #1
 421 0032 0DF10701 		add	r1, sp, #7
 422 0036 3046     		mov	r0, r6
 423 0038 FFF7FEFF 		bl	HAL_SPI_Transmit
 424              	.LVL29:
 176:Src/spi.c     ****   HAL_GPIO_WritePin(gyro_cs_GPIO_Port,gyro_cs_Pin,GPIO_PIN_SET);
 425              		.loc 1 176 0
 426 003c 0122     		movs	r2, #1
 427 003e 4FF48051 		mov	r1, #4096
 428 0042 2846     		mov	r0, r5
 429 0044 FFF7FEFF 		bl	HAL_GPIO_WritePin
 430              	.LVL30:
 177:Src/spi.c     **** }
 431              		.loc 1 177 0
 432 0048 04B0     		add	sp, sp, #16
 433              	.LCFI13:
 434              		.cfi_def_cfa_offset 16
 435              		@ sp needed
 436 004a 70BD     		pop	{r4, r5, r6, pc}
 437              	.L33:
 438              		.align	2
 439              	.L32:
 440 004c 00040240 		.word	1073873920
 441 0050 00000000 		.word	hspi2
 442              		.cfi_endproc
 443              	.LFE131:
 445              		.section	.text.set_mpu6500,"ax",%progbits
 446              		.align	1
 447              		.global	set_mpu6500
 448              		.syntax unified
 449              		.thumb
 450              		.thumb_func
 451              		.fpu fpv4-sp-d16
 453              	set_mpu6500:
 454              	.LFB132:
 178:Src/spi.c     **** 
 179:Src/spi.c     **** 
 180:Src/spi.c     **** /****************************************************************
 181:Src/spi.c     ****  * Overview : set up mpu6500
 182:Src/spi.c     ****  * argument : void
ARM GAS  C:\Users\kotaro\AppData\Local\Temp\cclUbkpc.s 			page 12


 183:Src/spi.c     ****  * return   : void
 184:Src/spi.c     ****  ****************************************************************/
 185:Src/spi.c     **** void set_mpu6500(void){
 455              		.loc 1 185 0
 456              		.cfi_startproc
 457              		@ args = 0, pretend = 0, frame = 0
 458              		@ frame_needed = 0, uses_anonymous_args = 0
 459 0000 08B5     		push	{r3, lr}
 460              	.LCFI14:
 461              		.cfi_def_cfa_offset 8
 462              		.cfi_offset 3, -8
 463              		.cfi_offset 14, -4
 464              	.LVL31:
 186:Src/spi.c     ****   uint8_t val = 0x00;
 465              		.loc 1 186 0
 466 0002 0020     		movs	r0, #0
 187:Src/spi.c     ****   while(val!=Certain){
 467              		.loc 1 187 0
 468 0004 02E0     		b	.L35
 469              	.LVL32:
 470              	.L36:
 188:Src/spi.c     ****     val = read_byte(WHO_AM_I);
 471              		.loc 1 188 0
 472 0006 7520     		movs	r0, #117
 473              	.LVL33:
 474 0008 FFF7FEFF 		bl	read_byte
 475              	.LVL34:
 476              	.L35:
 187:Src/spi.c     ****   while(val!=Certain){
 477              		.loc 1 187 0
 478 000c 7028     		cmp	r0, #112
 479 000e FAD1     		bne	.L36
 189:Src/spi.c     ****   }
 190:Src/spi.c     ****   printf("\r\nI am 0x%x\r\n",val );
 480              		.loc 1 190 0
 481 0010 0146     		mov	r1, r0
 482 0012 0848     		ldr	r0, .L38
 483              	.LVL35:
 484 0014 FFF7FEFF 		bl	printf
 485              	.LVL36:
 191:Src/spi.c     ****   write_byte(PWR_MGMT_1,0x00);
 486              		.loc 1 191 0
 487 0018 0021     		movs	r1, #0
 488 001a 6B20     		movs	r0, #107
 489 001c FFF7FEFF 		bl	write_byte
 490              	.LVL37:
 192:Src/spi.c     ****   write_byte(CONFIG,0x00);
 491              		.loc 1 192 0
 492 0020 0021     		movs	r1, #0
 493 0022 1A20     		movs	r0, #26
 494 0024 FFF7FEFF 		bl	write_byte
 495              	.LVL38:
 193:Src/spi.c     ****   write_byte(GYRO_CONFIG,0x18);
 496              		.loc 1 193 0
 497 0028 1821     		movs	r1, #24
 498 002a 1B20     		movs	r0, #27
 499 002c FFF7FEFF 		bl	write_byte
ARM GAS  C:\Users\kotaro\AppData\Local\Temp\cclUbkpc.s 			page 13


 500              	.LVL39:
 194:Src/spi.c     **** }
 501              		.loc 1 194 0
 502 0030 08BD     		pop	{r3, pc}
 503              	.L39:
 504 0032 00BF     		.align	2
 505              	.L38:
 506 0034 00000000 		.word	.LC1
 507              		.cfi_endproc
 508              	.LFE132:
 510              		.section	.text.get_gyro,"ax",%progbits
 511              		.align	1
 512              		.global	get_gyro
 513              		.syntax unified
 514              		.thumb
 515              		.thumb_func
 516              		.fpu fpv4-sp-d16
 518              	get_gyro:
 519              	.LFB133:
 195:Src/spi.c     **** 
 196:Src/spi.c     **** 
 197:Src/spi.c     **** /*****************************************************************
 198:Src/spi.c     ****  * Overview : get gyro value
 199:Src/spi.c     ****  * argument : void
 200:Src/spi.c     ****  * Return   : degree (2000 deg/sec)
 201:Src/spi.c     ****  ****************************************************************/
 202:Src/spi.c     **** int16_t get_gyro(void){
 520              		.loc 1 202 0
 521              		.cfi_startproc
 522              		@ args = 0, pretend = 0, frame = 0
 523              		@ frame_needed = 0, uses_anonymous_args = 0
 524 0000 10B5     		push	{r4, lr}
 525              	.LCFI15:
 526              		.cfi_def_cfa_offset 8
 527              		.cfi_offset 4, -8
 528              		.cfi_offset 14, -4
 203:Src/spi.c     ****   int16_t gyro_z;
 204:Src/spi.c     ****   gyro_z = (int16_t)(read_shift_byte(GYRO_OUT_Z_H) | read_byte(GYRO_OUT_Z_L));
 529              		.loc 1 204 0
 530 0002 4720     		movs	r0, #71
 531 0004 FFF7FEFF 		bl	read_shift_byte
 532              	.LVL40:
 533 0008 0446     		mov	r4, r0
 534 000a 4820     		movs	r0, #72
 535 000c FFF7FEFF 		bl	read_byte
 536              	.LVL41:
 537 0010 00B2     		sxth	r0, r0
 538 0012 2043     		orrs	r0, r0, r4
 539 0014 00B2     		sxth	r0, r0
 540              	.LVL42:
 205:Src/spi.c     ****   gyro_z -= (int16_t)gyro.offset;
 541              		.loc 1 205 0
 542 0016 024B     		ldr	r3, .L42
 543 0018 9C89     		ldrh	r4, [r3, #12]
 544 001a 001B     		subs	r0, r0, r4
 545              	.LVL43:
 206:Src/spi.c     ****   return gyro_z;
ARM GAS  C:\Users\kotaro\AppData\Local\Temp\cclUbkpc.s 			page 14


 207:Src/spi.c     **** }
 546              		.loc 1 207 0
 547 001c 00B2     		sxth	r0, r0
 548 001e 10BD     		pop	{r4, pc}
 549              	.L43:
 550              		.align	2
 551              	.L42:
 552 0020 00000000 		.word	gyro
 553              		.cfi_endproc
 554              	.LFE133:
 556              		.section	.text.gyro_offset_calc_reset,"ax",%progbits
 557              		.align	1
 558              		.global	gyro_offset_calc_reset
 559              		.syntax unified
 560              		.thumb
 561              		.thumb_func
 562              		.fpu fpv4-sp-d16
 564              	gyro_offset_calc_reset:
 565              	.LFB135:
 208:Src/spi.c     **** 
 209:Src/spi.c     **** void Update_gyro(int flag){
 210:Src/spi.c     ****   if(flag == TRUE){
 211:Src/spi.c     ****     gyro.velocity = (float)get_gyro()/GYRO_FACTOR;
 212:Src/spi.c     ****     gyro.degree += (float)get_gyro()/GYRO_FACTOR * dt;
 213:Src/spi.c     ****   }else{
 214:Src/spi.c     ****     gyro_offset_calc();
 215:Src/spi.c     ****   }
 216:Src/spi.c     **** }
 217:Src/spi.c     **** /*****************************************************************
 218:Src/spi.c     ****  * Overview : reset gyro offset variable
 219:Src/spi.c     ****  * argument : void
 220:Src/spi.c     ****  * Return   : void
 221:Src/spi.c     ****  ****************************************************************/
 222:Src/spi.c     **** void gyro_offset_calc_reset(void){
 566              		.loc 1 222 0
 567              		.cfi_startproc
 568              		@ args = 0, pretend = 0, frame = 0
 569              		@ frame_needed = 0, uses_anonymous_args = 0
 570              		@ link register save eliminated.
 223:Src/spi.c     ****   gyro.offset = 0;
 571              		.loc 1 223 0
 572 0000 044B     		ldr	r3, .L45
 573 0002 0022     		movs	r2, #0
 574 0004 DA60     		str	r2, [r3, #12]
 224:Src/spi.c     ****   gyro.offset_cnt = 0;
 575              		.loc 1 224 0
 576 0006 1A81     		strh	r2, [r3, #8]	@ movhi
 225:Src/spi.c     ****   flag.gyro_calc = 0;
 577              		.loc 1 225 0
 578 0008 0349     		ldr	r1, .L45+4
 579 000a 4A70     		strb	r2, [r1, #1]
 226:Src/spi.c     **** 
 227:Src/spi.c     ****   gyro.degree = 0;
 580              		.loc 1 227 0
 581 000c 0022     		movs	r2, #0
 582 000e 5A60     		str	r2, [r3, #4]	@ float
 228:Src/spi.c     **** }
ARM GAS  C:\Users\kotaro\AppData\Local\Temp\cclUbkpc.s 			page 15


 583              		.loc 1 228 0
 584 0010 7047     		bx	lr
 585              	.L46:
 586 0012 00BF     		.align	2
 587              	.L45:
 588 0014 00000000 		.word	gyro
 589 0018 00000000 		.word	flag
 590              		.cfi_endproc
 591              	.LFE135:
 593              		.section	.text.gyro_offset_calc,"ax",%progbits
 594              		.align	1
 595              		.global	gyro_offset_calc
 596              		.syntax unified
 597              		.thumb
 598              		.thumb_func
 599              		.fpu fpv4-sp-d16
 601              	gyro_offset_calc:
 602              	.LFB136:
 229:Src/spi.c     **** 
 230:Src/spi.c     **** /*****************************************************************
 231:Src/spi.c     ****  * Overview : calculate gyro offset
 232:Src/spi.c     ****  * argument : void
 233:Src/spi.c     ****  * Return   : void
 234:Src/spi.c     ****  ****************************************************************/
 235:Src/spi.c     **** void gyro_offset_calc(void){
 603              		.loc 1 235 0
 604              		.cfi_startproc
 605              		@ args = 0, pretend = 0, frame = 0
 606              		@ frame_needed = 0, uses_anonymous_args = 0
 607 0000 10B5     		push	{r4, lr}
 608              	.LCFI16:
 609              		.cfi_def_cfa_offset 8
 610              		.cfi_offset 4, -8
 611              		.cfi_offset 14, -4
 236:Src/spi.c     ****   int16_t gyro_z;
 237:Src/spi.c     **** 
 238:Src/spi.c     ****   gyro_z = (int16_t)(read_shift_byte(GYRO_OUT_Z_H) | read_byte(GYRO_OUT_Z_L));
 612              		.loc 1 238 0
 613 0002 4720     		movs	r0, #71
 614 0004 FFF7FEFF 		bl	read_shift_byte
 615              	.LVL44:
 616 0008 0446     		mov	r4, r0
 617 000a 4820     		movs	r0, #72
 618 000c FFF7FEFF 		bl	read_byte
 619              	.LVL45:
 620 0010 00B2     		sxth	r0, r0
 621 0012 0443     		orrs	r4, r4, r0
 622              	.LVL46:
 239:Src/spi.c     **** 
 240:Src/spi.c     ****   if(gyro.offset_cnt<2000){
 623              		.loc 1 240 0
 624 0014 0C4B     		ldr	r3, .L52
 625 0016 1B89     		ldrh	r3, [r3, #8]
 626 0018 B3F5FA6F 		cmp	r3, #2000
 627 001c 0CD3     		bcc	.L51
 241:Src/spi.c     ****     gyro.offset += gyro_z;
 242:Src/spi.c     ****     gyro.offset_cnt++;
ARM GAS  C:\Users\kotaro\AppData\Local\Temp\cclUbkpc.s 			page 16


 243:Src/spi.c     ****   }else{
 244:Src/spi.c     ****     gyro.offset /= 2000;
 628              		.loc 1 244 0
 629 001e 0A49     		ldr	r1, .L52
 630 0020 CB68     		ldr	r3, [r1, #12]
 631 0022 0A4A     		ldr	r2, .L52+4
 632 0024 82FB0302 		smull	r0, r2, r2, r3
 633 0028 DB17     		asrs	r3, r3, #31
 634 002a C3EBE213 		rsb	r3, r3, r2, asr #7
 635 002e CB60     		str	r3, [r1, #12]
 245:Src/spi.c     ****     flag.gyro_calc = 1;
 636              		.loc 1 245 0
 637 0030 074B     		ldr	r3, .L52+8
 638 0032 0122     		movs	r2, #1
 639 0034 5A70     		strb	r2, [r3, #1]
 640              	.LVL47:
 641              	.L47:
 246:Src/spi.c     ****   }
 247:Src/spi.c     **** }
 642              		.loc 1 247 0
 643 0036 10BD     		pop	{r4, pc}
 644              	.LVL48:
 645              	.L51:
 646 0038 24B2     		sxth	r4, r4
 241:Src/spi.c     ****     gyro.offset_cnt++;
 647              		.loc 1 241 0
 648 003a 034A     		ldr	r2, .L52
 649 003c D168     		ldr	r1, [r2, #12]
 650 003e 0C44     		add	r4, r4, r1
 651              	.LVL49:
 652 0040 D460     		str	r4, [r2, #12]
 242:Src/spi.c     ****   }else{
 653              		.loc 1 242 0
 654 0042 0133     		adds	r3, r3, #1
 655 0044 1381     		strh	r3, [r2, #8]	@ movhi
 656 0046 F6E7     		b	.L47
 657              	.L53:
 658              		.align	2
 659              	.L52:
 660 0048 00000000 		.word	gyro
 661 004c D34D6210 		.word	274877907
 662 0050 00000000 		.word	flag
 663              		.cfi_endproc
 664              	.LFE136:
 666              		.section	.text.Update_gyro,"ax",%progbits
 667              		.align	1
 668              		.global	Update_gyro
 669              		.syntax unified
 670              		.thumb
 671              		.thumb_func
 672              		.fpu fpv4-sp-d16
 674              	Update_gyro:
 675              	.LFB134:
 209:Src/spi.c     ****   if(flag == TRUE){
 676              		.loc 1 209 0
 677              		.cfi_startproc
 678              		@ args = 0, pretend = 0, frame = 0
ARM GAS  C:\Users\kotaro\AppData\Local\Temp\cclUbkpc.s 			page 17


 679              		@ frame_needed = 0, uses_anonymous_args = 0
 680              	.LVL50:
 681 0000 10B5     		push	{r4, lr}
 682              	.LCFI17:
 683              		.cfi_def_cfa_offset 8
 684              		.cfi_offset 4, -8
 685              		.cfi_offset 14, -4
 686 0002 2DED028B 		vpush.64	{d8}
 687              	.LCFI18:
 688              		.cfi_def_cfa_offset 16
 689              		.cfi_offset 80, -16
 690              		.cfi_offset 81, -12
 210:Src/spi.c     ****     gyro.velocity = (float)get_gyro()/GYRO_FACTOR;
 691              		.loc 1 210 0
 692 0006 0128     		cmp	r0, #1
 693 0008 04D0     		beq	.L58
 214:Src/spi.c     ****   }
 694              		.loc 1 214 0
 695 000a FFF7FEFF 		bl	gyro_offset_calc
 696              	.LVL51:
 697              	.L54:
 216:Src/spi.c     **** /*****************************************************************
 698              		.loc 1 216 0
 699 000e BDEC028B 		vldm	sp!, {d8}
 700              	.LCFI19:
 701              		.cfi_remember_state
 702              		.cfi_restore 80
 703              		.cfi_restore 81
 704              		.cfi_def_cfa_offset 8
 705 0012 10BD     		pop	{r4, pc}
 706              	.LVL52:
 707              	.L58:
 708              	.LCFI20:
 709              		.cfi_restore_state
 211:Src/spi.c     ****     gyro.degree += (float)get_gyro()/GYRO_FACTOR * dt;
 710              		.loc 1 211 0
 711 0014 FFF7FEFF 		bl	get_gyro
 712              	.LVL53:
 713 0018 07EE900A 		vmov	s15, r0	@ int
 714 001c B8EEE77A 		vcvt.f32.s32	s14, s15
 715 0020 9FED0C8A 		vldr.32	s16, .L59
 716 0024 C7EE087A 		vdiv.f32	s15, s14, s16
 717 0028 0B4C     		ldr	r4, .L59+4
 718 002a C4ED007A 		vstr.32	s15, [r4]
 212:Src/spi.c     ****   }else{
 719              		.loc 1 212 0
 720 002e FFF7FEFF 		bl	get_gyro
 721              	.LVL54:
 722 0032 07EE900A 		vmov	s15, r0	@ int
 723 0036 B8EEE77A 		vcvt.f32.s32	s14, s15
 724 003a C7EE087A 		vdiv.f32	s15, s14, s16
 725 003e 9FED077A 		vldr.32	s14, .L59+8
 726 0042 27EE877A 		vmul.f32	s14, s15, s14
 727 0046 D4ED017A 		vldr.32	s15, [r4, #4]
 728 004a 77EE877A 		vadd.f32	s15, s15, s14
 729 004e C4ED017A 		vstr.32	s15, [r4, #4]
 730 0052 DCE7     		b	.L54
ARM GAS  C:\Users\kotaro\AppData\Local\Temp\cclUbkpc.s 			page 18


 731              	.L60:
 732              		.align	2
 733              	.L59:
 734 0054 33338341 		.word	1099117363
 735 0058 00000000 		.word	gyro
 736 005c 6F12833A 		.word	981668463
 737              		.cfi_endproc
 738              	.LFE134:
 740              		.comm	hspi2,88,4
 741              		.section	.rodata.MX_SPI2_Init.str1.4,"aMS",%progbits,1
 742              		.align	2
 743              	.LC0:
 744 0000 5372632F 		.ascii	"Src/spi.c\000"
 744      7370692E 
 744      6300
 745              		.section	.rodata.set_mpu6500.str1.4,"aMS",%progbits,1
 746              		.align	2
 747              	.LC1:
 748 0000 0D0A4920 		.ascii	"\015\012I am 0x%x\015\012\000"
 748      616D2030 
 748      7825780D 
 748      0A00
 749              		.text
 750              	.Letext0:
 751              		.file 2 "c:\\program files (x86)\\gnu tools arm embedded\\7 2017-q4-major\\arm-none-eabi\\include\
 752              		.file 3 "c:\\program files (x86)\\gnu tools arm embedded\\7 2017-q4-major\\arm-none-eabi\\include\
 753              		.file 4 "Drivers/CMSIS/Include/core_cm4.h"
 754              		.file 5 "Drivers/CMSIS/Device/ST/STM32F4xx/Include/system_stm32f4xx.h"
 755              		.file 6 "Drivers/CMSIS/Device/ST/STM32F4xx/Include/stm32f405xx.h"
 756              		.file 7 "c:\\program files (x86)\\gnu tools arm embedded\\7 2017-q4-major\\arm-none-eabi\\include\
 757              		.file 8 "c:\\program files (x86)\\gnu tools arm embedded\\7 2017-q4-major\\arm-none-eabi\\include\
 758              		.file 9 "c:\\program files (x86)\\gnu tools arm embedded\\7 2017-q4-major\\lib\\gcc\\arm-none-eabi
 759              		.file 10 "c:\\program files (x86)\\gnu tools arm embedded\\7 2017-q4-major\\arm-none-eabi\\include
 760              		.file 11 "Drivers/STM32F4xx_HAL_Driver/Inc/stm32f4xx_hal_def.h"
 761              		.file 12 "Drivers/STM32F4xx_HAL_Driver/Inc/stm32f4xx_hal_gpio.h"
 762              		.file 13 "Drivers/STM32F4xx_HAL_Driver/Inc/stm32f4xx_hal_dma.h"
 763              		.file 14 "Drivers/STM32F4xx_HAL_Driver/Inc/stm32f4xx_hal_spi.h"
 764              		.file 15 "Inc/spi.h"
 765              		.file 16 "Inc/global.h"
 766              		.file 17 "c:\\program files (x86)\\gnu tools arm embedded\\7 2017-q4-major\\arm-none-eabi\\include
ARM GAS  C:\Users\kotaro\AppData\Local\Temp\cclUbkpc.s 			page 19


DEFINED SYMBOLS
                            *ABS*:00000000 spi.c
C:\Users\kotaro\AppData\Local\Temp\cclUbkpc.s:18     .text.MX_SPI2_Init:00000000 $t
C:\Users\kotaro\AppData\Local\Temp\cclUbkpc.s:25     .text.MX_SPI2_Init:00000000 MX_SPI2_Init
C:\Users\kotaro\AppData\Local\Temp\cclUbkpc.s:85     .text.MX_SPI2_Init:0000003c $d
                            *COM*:00000058 hspi2
C:\Users\kotaro\AppData\Local\Temp\cclUbkpc.s:92     .text.HAL_SPI_MspInit:00000000 $t
C:\Users\kotaro\AppData\Local\Temp\cclUbkpc.s:99     .text.HAL_SPI_MspInit:00000000 HAL_SPI_MspInit
C:\Users\kotaro\AppData\Local\Temp\cclUbkpc.s:163    .text.HAL_SPI_MspInit:0000004c $d
C:\Users\kotaro\AppData\Local\Temp\cclUbkpc.s:169    .text.HAL_SPI_MspDeInit:00000000 $t
C:\Users\kotaro\AppData\Local\Temp\cclUbkpc.s:176    .text.HAL_SPI_MspDeInit:00000000 HAL_SPI_MspDeInit
C:\Users\kotaro\AppData\Local\Temp\cclUbkpc.s:215    .text.HAL_SPI_MspDeInit:00000024 $d
C:\Users\kotaro\AppData\Local\Temp\cclUbkpc.s:222    .text.read_byte:00000000 $t
C:\Users\kotaro\AppData\Local\Temp\cclUbkpc.s:229    .text.read_byte:00000000 read_byte
C:\Users\kotaro\AppData\Local\Temp\cclUbkpc.s:288    .text.read_byte:0000004c $d
C:\Users\kotaro\AppData\Local\Temp\cclUbkpc.s:294    .text.read_shift_byte:00000000 $t
C:\Users\kotaro\AppData\Local\Temp\cclUbkpc.s:301    .text.read_shift_byte:00000000 read_shift_byte
C:\Users\kotaro\AppData\Local\Temp\cclUbkpc.s:366    .text.read_shift_byte:00000054 $d
C:\Users\kotaro\AppData\Local\Temp\cclUbkpc.s:372    .text.write_byte:00000000 $t
C:\Users\kotaro\AppData\Local\Temp\cclUbkpc.s:379    .text.write_byte:00000000 write_byte
C:\Users\kotaro\AppData\Local\Temp\cclUbkpc.s:440    .text.write_byte:0000004c $d
C:\Users\kotaro\AppData\Local\Temp\cclUbkpc.s:446    .text.set_mpu6500:00000000 $t
C:\Users\kotaro\AppData\Local\Temp\cclUbkpc.s:453    .text.set_mpu6500:00000000 set_mpu6500
C:\Users\kotaro\AppData\Local\Temp\cclUbkpc.s:506    .text.set_mpu6500:00000034 $d
C:\Users\kotaro\AppData\Local\Temp\cclUbkpc.s:511    .text.get_gyro:00000000 $t
C:\Users\kotaro\AppData\Local\Temp\cclUbkpc.s:518    .text.get_gyro:00000000 get_gyro
C:\Users\kotaro\AppData\Local\Temp\cclUbkpc.s:552    .text.get_gyro:00000020 $d
C:\Users\kotaro\AppData\Local\Temp\cclUbkpc.s:557    .text.gyro_offset_calc_reset:00000000 $t
C:\Users\kotaro\AppData\Local\Temp\cclUbkpc.s:564    .text.gyro_offset_calc_reset:00000000 gyro_offset_calc_reset
C:\Users\kotaro\AppData\Local\Temp\cclUbkpc.s:588    .text.gyro_offset_calc_reset:00000014 $d
C:\Users\kotaro\AppData\Local\Temp\cclUbkpc.s:594    .text.gyro_offset_calc:00000000 $t
C:\Users\kotaro\AppData\Local\Temp\cclUbkpc.s:601    .text.gyro_offset_calc:00000000 gyro_offset_calc
C:\Users\kotaro\AppData\Local\Temp\cclUbkpc.s:660    .text.gyro_offset_calc:00000048 $d
C:\Users\kotaro\AppData\Local\Temp\cclUbkpc.s:667    .text.Update_gyro:00000000 $t
C:\Users\kotaro\AppData\Local\Temp\cclUbkpc.s:674    .text.Update_gyro:00000000 Update_gyro
C:\Users\kotaro\AppData\Local\Temp\cclUbkpc.s:734    .text.Update_gyro:00000054 $d
C:\Users\kotaro\AppData\Local\Temp\cclUbkpc.s:742    .rodata.MX_SPI2_Init.str1.4:00000000 $d
C:\Users\kotaro\AppData\Local\Temp\cclUbkpc.s:746    .rodata.set_mpu6500.str1.4:00000000 $d

UNDEFINED SYMBOLS
HAL_SPI_Init
_Error_Handler
HAL_GPIO_Init
HAL_GPIO_DeInit
HAL_GPIO_WritePin
HAL_SPI_Transmit
HAL_SPI_Receive
printf
gyro
flag
