ARM GAS  C:\Users\kotaro\AppData\Local\Temp\ccuebts9.s 			page 1


   1              		.cpu cortex-m4
   2              		.eabi_attribute 27, 1
   3              		.eabi_attribute 28, 1
   4              		.eabi_attribute 20, 1
   5              		.eabi_attribute 21, 1
   6              		.eabi_attribute 23, 3
   7              		.eabi_attribute 24, 1
   8              		.eabi_attribute 25, 1
   9              		.eabi_attribute 26, 1
  10              		.eabi_attribute 30, 1
  11              		.eabi_attribute 34, 1
  12              		.eabi_attribute 18, 4
  13              		.file	"stm32f4xx_it.c"
  14              		.text
  15              	.Ltext0:
  16              		.cfi_sections	.debug_frame
  17              		.section	.text.NMI_Handler,"ax",%progbits
  18              		.align	1
  19              		.global	NMI_Handler
  20              		.syntax unified
  21              		.thumb
  22              		.thumb_func
  23              		.fpu fpv4-sp-d16
  25              	NMI_Handler:
  26              	.LFB126:
  27              		.file 1 "Src/stm32f4xx_it.c"
   1:Src/stm32f4xx_it.c **** /**
   2:Src/stm32f4xx_it.c ****   ******************************************************************************
   3:Src/stm32f4xx_it.c ****   * @file    stm32f4xx_it.c
   4:Src/stm32f4xx_it.c ****   * @brief   Interrupt Service Routines.
   5:Src/stm32f4xx_it.c ****   ******************************************************************************
   6:Src/stm32f4xx_it.c ****   *
   7:Src/stm32f4xx_it.c ****   * COPYRIGHT(c) 2018 STMicroelectronics
   8:Src/stm32f4xx_it.c ****   *
   9:Src/stm32f4xx_it.c ****   * Redistribution and use in source and binary forms, with or without modification,
  10:Src/stm32f4xx_it.c ****   * are permitted provided that the following conditions are met:
  11:Src/stm32f4xx_it.c ****   *   1. Redistributions of source code must retain the above copyright notice,
  12:Src/stm32f4xx_it.c ****   *      this list of conditions and the following disclaimer.
  13:Src/stm32f4xx_it.c ****   *   2. Redistributions in binary form must reproduce the above copyright notice,
  14:Src/stm32f4xx_it.c ****   *      this list of conditions and the following disclaimer in the documentation
  15:Src/stm32f4xx_it.c ****   *      and/or other materials provided with the distribution.
  16:Src/stm32f4xx_it.c ****   *   3. Neither the name of STMicroelectronics nor the names of its contributors
  17:Src/stm32f4xx_it.c ****   *      may be used to endorse or promote products derived from this software
  18:Src/stm32f4xx_it.c ****   *      without specific prior written permission.
  19:Src/stm32f4xx_it.c ****   *
  20:Src/stm32f4xx_it.c ****   * THIS SOFTWARE IS PROVIDED BY THE COPYRIGHT HOLDERS AND CONTRIBUTORS "AS IS"
  21:Src/stm32f4xx_it.c ****   * AND ANY EXPRESS OR IMPLIED WARRANTIES, INCLUDING, BUT NOT LIMITED TO, THE
  22:Src/stm32f4xx_it.c ****   * IMPLIED WARRANTIES OF MERCHANTABILITY AND FITNESS FOR A PARTICULAR PURPOSE ARE
  23:Src/stm32f4xx_it.c ****   * DISCLAIMED. IN NO EVENT SHALL THE COPYRIGHT HOLDER OR CONTRIBUTORS BE LIABLE
  24:Src/stm32f4xx_it.c ****   * FOR ANY DIRECT, INDIRECT, INCIDENTAL, SPECIAL, EXEMPLARY, OR CONSEQUENTIAL
  25:Src/stm32f4xx_it.c ****   * DAMAGES (INCLUDING, BUT NOT LIMITED TO, PROCUREMENT OF SUBSTITUTE GOODS OR
  26:Src/stm32f4xx_it.c ****   * SERVICES; LOSS OF USE, DATA, OR PROFITS; OR BUSINESS INTERRUPTION) HOWEVER
  27:Src/stm32f4xx_it.c ****   * CAUSED AND ON ANY THEORY OF LIABILITY, WHETHER IN CONTRACT, STRICT LIABILITY,
  28:Src/stm32f4xx_it.c ****   * OR TORT (INCLUDING NEGLIGENCE OR OTHERWISE) ARISING IN ANY WAY OUT OF THE USE
  29:Src/stm32f4xx_it.c ****   * OF THIS SOFTWARE, EVEN IF ADVISED OF THE POSSIBILITY OF SUCH DAMAGE.
  30:Src/stm32f4xx_it.c ****   *
  31:Src/stm32f4xx_it.c ****   ******************************************************************************
ARM GAS  C:\Users\kotaro\AppData\Local\Temp\ccuebts9.s 			page 2


  32:Src/stm32f4xx_it.c ****   */
  33:Src/stm32f4xx_it.c **** /* Includes ------------------------------------------------------------------*/
  34:Src/stm32f4xx_it.c **** #include "stm32f4xx_hal.h"
  35:Src/stm32f4xx_it.c **** #include "stm32f4xx.h"
  36:Src/stm32f4xx_it.c **** #include "stm32f4xx_it.h"
  37:Src/stm32f4xx_it.c **** 
  38:Src/stm32f4xx_it.c **** /* USER CODE BEGIN 0 */
  39:Src/stm32f4xx_it.c **** #include "global.h"
  40:Src/stm32f4xx_it.c **** #include "adc.h"
  41:Src/stm32f4xx_it.c **** #include "filter.h"
  42:Src/stm32f4xx_it.c **** #include "tim.h"
  43:Src/stm32f4xx_it.c **** #include "spi.h"
  44:Src/stm32f4xx_it.c **** 
  45:Src/stm32f4xx_it.c **** unsigned char count_tim5=0;
  46:Src/stm32f4xx_it.c **** /* USER CODE END 0 */
  47:Src/stm32f4xx_it.c **** 
  48:Src/stm32f4xx_it.c **** /* External variables --------------------------------------------------------*/
  49:Src/stm32f4xx_it.c **** extern TIM_HandleTypeDef htim5;
  50:Src/stm32f4xx_it.c **** 
  51:Src/stm32f4xx_it.c **** /******************************************************************************/
  52:Src/stm32f4xx_it.c **** /*            Cortex-M4 Processor Interruption and Exception Handlers         */ 
  53:Src/stm32f4xx_it.c **** /******************************************************************************/
  54:Src/stm32f4xx_it.c **** 
  55:Src/stm32f4xx_it.c **** /**
  56:Src/stm32f4xx_it.c **** * @brief This function handles Non maskable interrupt.
  57:Src/stm32f4xx_it.c **** */
  58:Src/stm32f4xx_it.c **** void NMI_Handler(void)
  59:Src/stm32f4xx_it.c **** {
  28              		.loc 1 59 0
  29              		.cfi_startproc
  30              		@ args = 0, pretend = 0, frame = 0
  31              		@ frame_needed = 0, uses_anonymous_args = 0
  32              		@ link register save eliminated.
  60:Src/stm32f4xx_it.c ****   /* USER CODE BEGIN NonMaskableInt_IRQn 0 */
  61:Src/stm32f4xx_it.c **** 
  62:Src/stm32f4xx_it.c ****   /* USER CODE END NonMaskableInt_IRQn 0 */
  63:Src/stm32f4xx_it.c ****   /* USER CODE BEGIN NonMaskableInt_IRQn 1 */
  64:Src/stm32f4xx_it.c **** 
  65:Src/stm32f4xx_it.c ****   /* USER CODE END NonMaskableInt_IRQn 1 */
  66:Src/stm32f4xx_it.c **** }
  33              		.loc 1 66 0
  34 0000 7047     		bx	lr
  35              		.cfi_endproc
  36              	.LFE126:
  38              		.section	.text.HardFault_Handler,"ax",%progbits
  39              		.align	1
  40              		.global	HardFault_Handler
  41              		.syntax unified
  42              		.thumb
  43              		.thumb_func
  44              		.fpu fpv4-sp-d16
  46              	HardFault_Handler:
  47              	.LFB127:
  67:Src/stm32f4xx_it.c **** 
  68:Src/stm32f4xx_it.c **** /**
  69:Src/stm32f4xx_it.c **** * @brief This function handles Hard fault interrupt.
  70:Src/stm32f4xx_it.c **** */
ARM GAS  C:\Users\kotaro\AppData\Local\Temp\ccuebts9.s 			page 3


  71:Src/stm32f4xx_it.c **** void HardFault_Handler(void)
  72:Src/stm32f4xx_it.c **** {
  48              		.loc 1 72 0
  49              		.cfi_startproc
  50              		@ Volatile: function does not return.
  51              		@ args = 0, pretend = 0, frame = 0
  52              		@ frame_needed = 0, uses_anonymous_args = 0
  53              		@ link register save eliminated.
  54              	.L3:
  55 0000 FEE7     		b	.L3
  56              		.cfi_endproc
  57              	.LFE127:
  59              		.section	.text.MemManage_Handler,"ax",%progbits
  60              		.align	1
  61              		.global	MemManage_Handler
  62              		.syntax unified
  63              		.thumb
  64              		.thumb_func
  65              		.fpu fpv4-sp-d16
  67              	MemManage_Handler:
  68              	.LFB128:
  73:Src/stm32f4xx_it.c ****   /* USER CODE BEGIN HardFault_IRQn 0 */
  74:Src/stm32f4xx_it.c **** 
  75:Src/stm32f4xx_it.c ****   /* USER CODE END HardFault_IRQn 0 */
  76:Src/stm32f4xx_it.c ****   while (1)
  77:Src/stm32f4xx_it.c ****   {
  78:Src/stm32f4xx_it.c ****     /* USER CODE BEGIN W1_HardFault_IRQn 0 */
  79:Src/stm32f4xx_it.c ****     /* USER CODE END W1_HardFault_IRQn 0 */
  80:Src/stm32f4xx_it.c ****   }
  81:Src/stm32f4xx_it.c ****   /* USER CODE BEGIN HardFault_IRQn 1 */
  82:Src/stm32f4xx_it.c **** 
  83:Src/stm32f4xx_it.c ****   /* USER CODE END HardFault_IRQn 1 */
  84:Src/stm32f4xx_it.c **** }
  85:Src/stm32f4xx_it.c **** 
  86:Src/stm32f4xx_it.c **** /**
  87:Src/stm32f4xx_it.c **** * @brief This function handles Memory management fault.
  88:Src/stm32f4xx_it.c **** */
  89:Src/stm32f4xx_it.c **** void MemManage_Handler(void)
  90:Src/stm32f4xx_it.c **** {
  69              		.loc 1 90 0
  70              		.cfi_startproc
  71              		@ Volatile: function does not return.
  72              		@ args = 0, pretend = 0, frame = 0
  73              		@ frame_needed = 0, uses_anonymous_args = 0
  74              		@ link register save eliminated.
  75              	.L5:
  76 0000 FEE7     		b	.L5
  77              		.cfi_endproc
  78              	.LFE128:
  80              		.section	.text.BusFault_Handler,"ax",%progbits
  81              		.align	1
  82              		.global	BusFault_Handler
  83              		.syntax unified
  84              		.thumb
  85              		.thumb_func
  86              		.fpu fpv4-sp-d16
  88              	BusFault_Handler:
ARM GAS  C:\Users\kotaro\AppData\Local\Temp\ccuebts9.s 			page 4


  89              	.LFB129:
  91:Src/stm32f4xx_it.c ****   /* USER CODE BEGIN MemoryManagement_IRQn 0 */
  92:Src/stm32f4xx_it.c **** 
  93:Src/stm32f4xx_it.c ****   /* USER CODE END MemoryManagement_IRQn 0 */
  94:Src/stm32f4xx_it.c ****   while (1)
  95:Src/stm32f4xx_it.c ****   {
  96:Src/stm32f4xx_it.c ****     /* USER CODE BEGIN W1_MemoryManagement_IRQn 0 */
  97:Src/stm32f4xx_it.c ****     /* USER CODE END W1_MemoryManagement_IRQn 0 */
  98:Src/stm32f4xx_it.c ****   }
  99:Src/stm32f4xx_it.c ****   /* USER CODE BEGIN MemoryManagement_IRQn 1 */
 100:Src/stm32f4xx_it.c **** 
 101:Src/stm32f4xx_it.c ****   /* USER CODE END MemoryManagement_IRQn 1 */
 102:Src/stm32f4xx_it.c **** }
 103:Src/stm32f4xx_it.c **** 
 104:Src/stm32f4xx_it.c **** /**
 105:Src/stm32f4xx_it.c **** * @brief This function handles Pre-fetch fault, memory access fault.
 106:Src/stm32f4xx_it.c **** */
 107:Src/stm32f4xx_it.c **** void BusFault_Handler(void)
 108:Src/stm32f4xx_it.c **** {
  90              		.loc 1 108 0
  91              		.cfi_startproc
  92              		@ Volatile: function does not return.
  93              		@ args = 0, pretend = 0, frame = 0
  94              		@ frame_needed = 0, uses_anonymous_args = 0
  95              		@ link register save eliminated.
  96              	.L7:
  97 0000 FEE7     		b	.L7
  98              		.cfi_endproc
  99              	.LFE129:
 101              		.section	.text.UsageFault_Handler,"ax",%progbits
 102              		.align	1
 103              		.global	UsageFault_Handler
 104              		.syntax unified
 105              		.thumb
 106              		.thumb_func
 107              		.fpu fpv4-sp-d16
 109              	UsageFault_Handler:
 110              	.LFB130:
 109:Src/stm32f4xx_it.c ****   /* USER CODE BEGIN BusFault_IRQn 0 */
 110:Src/stm32f4xx_it.c **** 
 111:Src/stm32f4xx_it.c ****   /* USER CODE END BusFault_IRQn 0 */
 112:Src/stm32f4xx_it.c ****   while (1)
 113:Src/stm32f4xx_it.c ****   {
 114:Src/stm32f4xx_it.c ****     /* USER CODE BEGIN W1_BusFault_IRQn 0 */
 115:Src/stm32f4xx_it.c ****     /* USER CODE END W1_BusFault_IRQn 0 */
 116:Src/stm32f4xx_it.c ****   }
 117:Src/stm32f4xx_it.c ****   /* USER CODE BEGIN BusFault_IRQn 1 */
 118:Src/stm32f4xx_it.c **** 
 119:Src/stm32f4xx_it.c ****   /* USER CODE END BusFault_IRQn 1 */
 120:Src/stm32f4xx_it.c **** }
 121:Src/stm32f4xx_it.c **** 
 122:Src/stm32f4xx_it.c **** /**
 123:Src/stm32f4xx_it.c **** * @brief This function handles Undefined instruction or illegal state.
 124:Src/stm32f4xx_it.c **** */
 125:Src/stm32f4xx_it.c **** void UsageFault_Handler(void)
 126:Src/stm32f4xx_it.c **** {
 111              		.loc 1 126 0
ARM GAS  C:\Users\kotaro\AppData\Local\Temp\ccuebts9.s 			page 5


 112              		.cfi_startproc
 113              		@ Volatile: function does not return.
 114              		@ args = 0, pretend = 0, frame = 0
 115              		@ frame_needed = 0, uses_anonymous_args = 0
 116              		@ link register save eliminated.
 117              	.L9:
 118 0000 FEE7     		b	.L9
 119              		.cfi_endproc
 120              	.LFE130:
 122              		.section	.text.SVC_Handler,"ax",%progbits
 123              		.align	1
 124              		.global	SVC_Handler
 125              		.syntax unified
 126              		.thumb
 127              		.thumb_func
 128              		.fpu fpv4-sp-d16
 130              	SVC_Handler:
 131              	.LFB131:
 127:Src/stm32f4xx_it.c ****   /* USER CODE BEGIN UsageFault_IRQn 0 */
 128:Src/stm32f4xx_it.c **** 
 129:Src/stm32f4xx_it.c ****   /* USER CODE END UsageFault_IRQn 0 */
 130:Src/stm32f4xx_it.c ****   while (1)
 131:Src/stm32f4xx_it.c ****   {
 132:Src/stm32f4xx_it.c ****     /* USER CODE BEGIN W1_UsageFault_IRQn 0 */
 133:Src/stm32f4xx_it.c ****     /* USER CODE END W1_UsageFault_IRQn 0 */
 134:Src/stm32f4xx_it.c ****   }
 135:Src/stm32f4xx_it.c ****   /* USER CODE BEGIN UsageFault_IRQn 1 */
 136:Src/stm32f4xx_it.c **** 
 137:Src/stm32f4xx_it.c ****   /* USER CODE END UsageFault_IRQn 1 */
 138:Src/stm32f4xx_it.c **** }
 139:Src/stm32f4xx_it.c **** 
 140:Src/stm32f4xx_it.c **** /**
 141:Src/stm32f4xx_it.c **** * @brief This function handles System service call via SWI instruction.
 142:Src/stm32f4xx_it.c **** */
 143:Src/stm32f4xx_it.c **** void SVC_Handler(void)
 144:Src/stm32f4xx_it.c **** {
 132              		.loc 1 144 0
 133              		.cfi_startproc
 134              		@ args = 0, pretend = 0, frame = 0
 135              		@ frame_needed = 0, uses_anonymous_args = 0
 136              		@ link register save eliminated.
 145:Src/stm32f4xx_it.c ****   /* USER CODE BEGIN SVCall_IRQn 0 */
 146:Src/stm32f4xx_it.c **** 
 147:Src/stm32f4xx_it.c ****   /* USER CODE END SVCall_IRQn 0 */
 148:Src/stm32f4xx_it.c ****   /* USER CODE BEGIN SVCall_IRQn 1 */
 149:Src/stm32f4xx_it.c **** 
 150:Src/stm32f4xx_it.c ****   /* USER CODE END SVCall_IRQn 1 */
 151:Src/stm32f4xx_it.c **** }
 137              		.loc 1 151 0
 138 0000 7047     		bx	lr
 139              		.cfi_endproc
 140              	.LFE131:
 142              		.section	.text.DebugMon_Handler,"ax",%progbits
 143              		.align	1
 144              		.global	DebugMon_Handler
 145              		.syntax unified
 146              		.thumb
ARM GAS  C:\Users\kotaro\AppData\Local\Temp\ccuebts9.s 			page 6


 147              		.thumb_func
 148              		.fpu fpv4-sp-d16
 150              	DebugMon_Handler:
 151              	.LFB132:
 152:Src/stm32f4xx_it.c **** 
 153:Src/stm32f4xx_it.c **** /**
 154:Src/stm32f4xx_it.c **** * @brief This function handles Debug monitor.
 155:Src/stm32f4xx_it.c **** */
 156:Src/stm32f4xx_it.c **** void DebugMon_Handler(void)
 157:Src/stm32f4xx_it.c **** {
 152              		.loc 1 157 0
 153              		.cfi_startproc
 154              		@ args = 0, pretend = 0, frame = 0
 155              		@ frame_needed = 0, uses_anonymous_args = 0
 156              		@ link register save eliminated.
 158:Src/stm32f4xx_it.c ****   /* USER CODE BEGIN DebugMonitor_IRQn 0 */
 159:Src/stm32f4xx_it.c **** 
 160:Src/stm32f4xx_it.c ****   /* USER CODE END DebugMonitor_IRQn 0 */
 161:Src/stm32f4xx_it.c ****   /* USER CODE BEGIN DebugMonitor_IRQn 1 */
 162:Src/stm32f4xx_it.c **** 
 163:Src/stm32f4xx_it.c ****   /* USER CODE END DebugMonitor_IRQn 1 */
 164:Src/stm32f4xx_it.c **** }
 157              		.loc 1 164 0
 158 0000 7047     		bx	lr
 159              		.cfi_endproc
 160              	.LFE132:
 162              		.section	.text.PendSV_Handler,"ax",%progbits
 163              		.align	1
 164              		.global	PendSV_Handler
 165              		.syntax unified
 166              		.thumb
 167              		.thumb_func
 168              		.fpu fpv4-sp-d16
 170              	PendSV_Handler:
 171              	.LFB133:
 165:Src/stm32f4xx_it.c **** 
 166:Src/stm32f4xx_it.c **** /**
 167:Src/stm32f4xx_it.c **** * @brief This function handles Pendable request for system service.
 168:Src/stm32f4xx_it.c **** */
 169:Src/stm32f4xx_it.c **** void PendSV_Handler(void)
 170:Src/stm32f4xx_it.c **** {
 172              		.loc 1 170 0
 173              		.cfi_startproc
 174              		@ args = 0, pretend = 0, frame = 0
 175              		@ frame_needed = 0, uses_anonymous_args = 0
 176              		@ link register save eliminated.
 171:Src/stm32f4xx_it.c ****   /* USER CODE BEGIN PendSV_IRQn 0 */
 172:Src/stm32f4xx_it.c **** 
 173:Src/stm32f4xx_it.c ****   /* USER CODE END PendSV_IRQn 0 */
 174:Src/stm32f4xx_it.c ****   /* USER CODE BEGIN PendSV_IRQn 1 */
 175:Src/stm32f4xx_it.c **** 
 176:Src/stm32f4xx_it.c ****   /* USER CODE END PendSV_IRQn 1 */
 177:Src/stm32f4xx_it.c **** }
 177              		.loc 1 177 0
 178 0000 7047     		bx	lr
 179              		.cfi_endproc
 180              	.LFE133:
ARM GAS  C:\Users\kotaro\AppData\Local\Temp\ccuebts9.s 			page 7


 182              		.section	.text.SysTick_Handler,"ax",%progbits
 183              		.align	1
 184              		.global	SysTick_Handler
 185              		.syntax unified
 186              		.thumb
 187              		.thumb_func
 188              		.fpu fpv4-sp-d16
 190              	SysTick_Handler:
 191              	.LFB134:
 178:Src/stm32f4xx_it.c **** 
 179:Src/stm32f4xx_it.c **** /**
 180:Src/stm32f4xx_it.c **** * @brief This function handles System tick timer.
 181:Src/stm32f4xx_it.c **** */
 182:Src/stm32f4xx_it.c **** void SysTick_Handler(void)
 183:Src/stm32f4xx_it.c **** {
 192              		.loc 1 183 0
 193              		.cfi_startproc
 194              		@ args = 0, pretend = 0, frame = 0
 195              		@ frame_needed = 0, uses_anonymous_args = 0
 196 0000 08B5     		push	{r3, lr}
 197              	.LCFI0:
 198              		.cfi_def_cfa_offset 8
 199              		.cfi_offset 3, -8
 200              		.cfi_offset 14, -4
 184:Src/stm32f4xx_it.c ****   /* USER CODE BEGIN SysTick_IRQn 0 */
 185:Src/stm32f4xx_it.c **** 
 186:Src/stm32f4xx_it.c ****   /* USER CODE END SysTick_IRQn 0 */
 187:Src/stm32f4xx_it.c ****   HAL_IncTick();
 201              		.loc 1 187 0
 202 0002 FFF7FEFF 		bl	HAL_IncTick
 203              	.LVL0:
 188:Src/stm32f4xx_it.c ****   HAL_SYSTICK_IRQHandler();
 204              		.loc 1 188 0
 205 0006 FFF7FEFF 		bl	HAL_SYSTICK_IRQHandler
 206              	.LVL1:
 189:Src/stm32f4xx_it.c ****   /* USER CODE BEGIN SysTick_IRQn 1 */
 190:Src/stm32f4xx_it.c ****   Update_gyro(flag.gyro_calc);
 207              		.loc 1 190 0
 208 000a 044B     		ldr	r3, .L15
 209 000c 5878     		ldrb	r0, [r3, #1]	@ zero_extendqisi2
 210 000e FFF7FEFF 		bl	Update_gyro
 211              	.LVL2:
 191:Src/stm32f4xx_it.c ****   update_encoder();
 212              		.loc 1 191 0
 213 0012 FFF7FEFF 		bl	update_encoder
 214              	.LVL3:
 192:Src/stm32f4xx_it.c ****   update_batt_date();
 215              		.loc 1 192 0
 216 0016 FFF7FEFF 		bl	update_batt_date
 217              	.LVL4:
 193:Src/stm32f4xx_it.c ****   /* USER CODE END SysTick_IRQn 1 */
 194:Src/stm32f4xx_it.c **** }
 218              		.loc 1 194 0
 219 001a 08BD     		pop	{r3, pc}
 220              	.L16:
 221              		.align	2
 222              	.L15:
ARM GAS  C:\Users\kotaro\AppData\Local\Temp\ccuebts9.s 			page 8


 223 001c 00000000 		.word	flag
 224              		.cfi_endproc
 225              	.LFE134:
 227              		.section	.text.TIM5_IRQHandler,"ax",%progbits
 228              		.align	1
 229              		.global	TIM5_IRQHandler
 230              		.syntax unified
 231              		.thumb
 232              		.thumb_func
 233              		.fpu fpv4-sp-d16
 235              	TIM5_IRQHandler:
 236              	.LFB135:
 195:Src/stm32f4xx_it.c **** 
 196:Src/stm32f4xx_it.c **** /******************************************************************************/
 197:Src/stm32f4xx_it.c **** /* STM32F4xx Peripheral Interrupt Handlers                                    */
 198:Src/stm32f4xx_it.c **** /* Add here the Interrupt Handlers for the used peripherals.                  */
 199:Src/stm32f4xx_it.c **** /* For the available peripheral interrupt handler names,                      */
 200:Src/stm32f4xx_it.c **** /* please refer to the startup file (startup_stm32f4xx.s).                    */
 201:Src/stm32f4xx_it.c **** /******************************************************************************/
 202:Src/stm32f4xx_it.c **** 
 203:Src/stm32f4xx_it.c **** /**
 204:Src/stm32f4xx_it.c **** * @brief This function handles TIM5 global interrupt.
 205:Src/stm32f4xx_it.c **** */
 206:Src/stm32f4xx_it.c **** void TIM5_IRQHandler(void)
 207:Src/stm32f4xx_it.c **** {
 237              		.loc 1 207 0
 238              		.cfi_startproc
 239              		@ args = 0, pretend = 0, frame = 0
 240              		@ frame_needed = 0, uses_anonymous_args = 0
 241 0000 08B5     		push	{r3, lr}
 242              	.LCFI1:
 243              		.cfi_def_cfa_offset 8
 244              		.cfi_offset 3, -8
 245              		.cfi_offset 14, -4
 208:Src/stm32f4xx_it.c ****   /* USER CODE BEGIN TIM5_IRQn 0 */
 209:Src/stm32f4xx_it.c **** 
 210:Src/stm32f4xx_it.c ****   /* USER CODE END TIM5_IRQn 0 */
 211:Src/stm32f4xx_it.c ****   HAL_TIM_IRQHandler(&htim5);
 246              		.loc 1 211 0
 247 0002 1E48     		ldr	r0, .L31
 248 0004 FFF7FEFF 		bl	HAL_TIM_IRQHandler
 249              	.LVL5:
 212:Src/stm32f4xx_it.c ****   /* USER CODE BEGIN TIM5_IRQn 1 */
 213:Src/stm32f4xx_it.c ****   if(flag.ir_led==TRUE){
 250              		.loc 1 213 0
 251 0008 1D4B     		ldr	r3, .L31+4
 252 000a 1B78     		ldrb	r3, [r3]	@ zero_extendqisi2
 253 000c DBB2     		uxtb	r3, r3
 254 000e 012B     		cmp	r3, #1
 255 0010 30D1     		bne	.L18
 214:Src/stm32f4xx_it.c ****     count_tim5++;
 256              		.loc 1 214 0
 257 0012 1C4A     		ldr	r2, .L31+8
 258 0014 1378     		ldrb	r3, [r2]	@ zero_extendqisi2
 259 0016 0133     		adds	r3, r3, #1
 260 0018 DBB2     		uxtb	r3, r3
 261 001a 1370     		strb	r3, [r2]
ARM GAS  C:\Users\kotaro\AppData\Local\Temp\ccuebts9.s 			page 9


 215:Src/stm32f4xx_it.c ****     switch(count_tim5){
 262              		.loc 1 215 0
 263 001c 013B     		subs	r3, r3, #1
 264 001e 072B     		cmp	r3, #7
 265 0020 24D8     		bhi	.L19
 266 0022 DFE803F0 		tbb	[pc, r3]
 267              	.L21:
 268 0026 04       		.byte	(.L20-.L21)/2
 269 0027 07       		.byte	(.L22-.L21)/2
 270 0028 0B       		.byte	(.L23-.L21)/2
 271 0029 10       		.byte	(.L24-.L21)/2
 272 002a 13       		.byte	(.L25-.L21)/2
 273 002b 17       		.byte	(.L26-.L21)/2
 274 002c 1A       		.byte	(.L27-.L21)/2
 275 002d 1D       		.byte	(.L28-.L21)/2
 276              		.p2align 1
 277              	.L20:
 216:Src/stm32f4xx_it.c ****       case 1:
 217:Src/stm32f4xx_it.c ****         update_side_sen_off();
 278              		.loc 1 217 0
 279 002e FFF7FEFF 		bl	update_side_sen_off
 280              	.LVL6:
 218:Src/stm32f4xx_it.c ****         break;
 281              		.loc 1 218 0
 282 0032 21E0     		b	.L17
 283              	.L22:
 219:Src/stm32f4xx_it.c ****       case 2:
 220:Src/stm32f4xx_it.c ****         IR_Contoroll(0b0110);
 284              		.loc 1 220 0
 285 0034 0620     		movs	r0, #6
 286 0036 FFF7FEFF 		bl	IR_Contoroll
 287              	.LVL7:
 221:Src/stm32f4xx_it.c ****         break;
 288              		.loc 1 221 0
 289 003a 1DE0     		b	.L17
 290              	.L23:
 222:Src/stm32f4xx_it.c ****       case 3:
 223:Src/stm32f4xx_it.c ****         update_side_sen_on();
 291              		.loc 1 223 0
 292 003c FFF7FEFF 		bl	update_side_sen_on
 293              	.LVL8:
 224:Src/stm32f4xx_it.c ****         All_IR_OFF();
 294              		.loc 1 224 0
 295 0040 FFF7FEFF 		bl	All_IR_OFF
 296              	.LVL9:
 225:Src/stm32f4xx_it.c ****         break;
 297              		.loc 1 225 0
 298 0044 18E0     		b	.L17
 299              	.L24:
 226:Src/stm32f4xx_it.c ****       case 4:
 227:Src/stm32f4xx_it.c ****         update_front_sen_off();
 300              		.loc 1 227 0
 301 0046 FFF7FEFF 		bl	update_front_sen_off
 302              	.LVL10:
 228:Src/stm32f4xx_it.c ****         break;
 303              		.loc 1 228 0
 304 004a 15E0     		b	.L17
ARM GAS  C:\Users\kotaro\AppData\Local\Temp\ccuebts9.s 			page 10


 305              	.L25:
 229:Src/stm32f4xx_it.c ****       case 5:
 230:Src/stm32f4xx_it.c ****         IR_Contoroll(0b1001);
 306              		.loc 1 230 0
 307 004c 0920     		movs	r0, #9
 308 004e FFF7FEFF 		bl	IR_Contoroll
 309              	.LVL11:
 231:Src/stm32f4xx_it.c ****         break;
 310              		.loc 1 231 0
 311 0052 11E0     		b	.L17
 312              	.L26:
 232:Src/stm32f4xx_it.c ****       case 6:
 233:Src/stm32f4xx_it.c ****         update_front_sen_on();
 313              		.loc 1 233 0
 314 0054 FFF7FEFF 		bl	update_front_sen_on
 315              	.LVL12:
 234:Src/stm32f4xx_it.c ****         break;
 316              		.loc 1 234 0
 317 0058 0EE0     		b	.L17
 318              	.L27:
 235:Src/stm32f4xx_it.c ****       case 7:
 236:Src/stm32f4xx_it.c ****         All_IR_OFF();
 319              		.loc 1 236 0
 320 005a FFF7FEFF 		bl	All_IR_OFF
 321              	.LVL13:
 237:Src/stm32f4xx_it.c ****         break;
 322              		.loc 1 237 0
 323 005e 0BE0     		b	.L17
 324              	.L28:
 238:Src/stm32f4xx_it.c ****       case 8:
 239:Src/stm32f4xx_it.c ****         update_wall();
 325              		.loc 1 239 0
 326 0060 FFF7FEFF 		bl	update_wall
 327              	.LVL14:
 240:Src/stm32f4xx_it.c ****         count_tim5 = 0;
 328              		.loc 1 240 0
 329 0064 074B     		ldr	r3, .L31+8
 330 0066 0022     		movs	r2, #0
 331 0068 1A70     		strb	r2, [r3]
 241:Src/stm32f4xx_it.c ****         break;
 332              		.loc 1 241 0
 333 006a 05E0     		b	.L17
 334              	.L19:
 242:Src/stm32f4xx_it.c ****       default:
 243:Src/stm32f4xx_it.c ****         count_tim5 = 0;
 335              		.loc 1 243 0
 336 006c 054B     		ldr	r3, .L31+8
 337 006e 0022     		movs	r2, #0
 338 0070 1A70     		strb	r2, [r3]
 244:Src/stm32f4xx_it.c ****         break;
 339              		.loc 1 244 0
 340 0072 01E0     		b	.L17
 341              	.L18:
 245:Src/stm32f4xx_it.c ****     }
 246:Src/stm32f4xx_it.c ****   }else{
 247:Src/stm32f4xx_it.c ****     All_IR_OFF();
 342              		.loc 1 247 0
ARM GAS  C:\Users\kotaro\AppData\Local\Temp\ccuebts9.s 			page 11


 343 0074 FFF7FEFF 		bl	All_IR_OFF
 344              	.LVL15:
 345              	.L17:
 248:Src/stm32f4xx_it.c ****   }
 249:Src/stm32f4xx_it.c ****   /* USER CODE END TIM5_IRQn 1 */
 250:Src/stm32f4xx_it.c **** }
 346              		.loc 1 250 0
 347 0078 08BD     		pop	{r3, pc}
 348              	.L32:
 349 007a 00BF     		.align	2
 350              	.L31:
 351 007c 00000000 		.word	htim5
 352 0080 00000000 		.word	flag
 353 0084 00000000 		.word	.LANCHOR0
 354              		.cfi_endproc
 355              	.LFE135:
 357              		.global	count_tim5
 358              		.section	.bss.count_tim5,"aw",%nobits
 359              		.set	.LANCHOR0,. + 0
 362              	count_tim5:
 363 0000 00       		.space	1
 364              		.text
 365              	.Letext0:
 366              		.file 2 "c:\\program files (x86)\\gnu tools arm embedded\\7 2017-q4-major\\arm-none-eabi\\include\
 367              		.file 3 "c:\\program files (x86)\\gnu tools arm embedded\\7 2017-q4-major\\arm-none-eabi\\include\
 368              		.file 4 "Drivers/CMSIS/Include/core_cm4.h"
 369              		.file 5 "Drivers/CMSIS/Device/ST/STM32F4xx/Include/system_stm32f4xx.h"
 370              		.file 6 "Drivers/CMSIS/Device/ST/STM32F4xx/Include/stm32f405xx.h"
 371              		.file 7 "c:\\program files (x86)\\gnu tools arm embedded\\7 2017-q4-major\\arm-none-eabi\\include\
 372              		.file 8 "c:\\program files (x86)\\gnu tools arm embedded\\7 2017-q4-major\\arm-none-eabi\\include\
 373              		.file 9 "c:\\program files (x86)\\gnu tools arm embedded\\7 2017-q4-major\\lib\\gcc\\arm-none-eabi
 374              		.file 10 "c:\\program files (x86)\\gnu tools arm embedded\\7 2017-q4-major\\arm-none-eabi\\include
 375              		.file 11 "Drivers/STM32F4xx_HAL_Driver/Inc/stm32f4xx_hal_def.h"
 376              		.file 12 "Drivers/STM32F4xx_HAL_Driver/Inc/stm32f4xx_hal_dma.h"
 377              		.file 13 "Drivers/STM32F4xx_HAL_Driver/Inc/stm32f4xx_hal_adc.h"
 378              		.file 14 "Drivers/STM32F4xx_HAL_Driver/Inc/stm32f4xx_hal_spi.h"
 379              		.file 15 "Drivers/STM32F4xx_HAL_Driver/Inc/stm32f4xx_hal_tim.h"
 380              		.file 16 "Inc/global.h"
 381              		.file 17 "Inc/adc.h"
 382              		.file 18 "Inc/tim.h"
 383              		.file 19 "Inc/spi.h"
 384              		.file 20 "Inc/filter.h"
 385              		.file 21 "Drivers/STM32F4xx_HAL_Driver/Inc/stm32f4xx_hal.h"
 386              		.file 22 "Drivers/STM32F4xx_HAL_Driver/Inc/stm32f4xx_hal_cortex.h"
ARM GAS  C:\Users\kotaro\AppData\Local\Temp\ccuebts9.s 			page 12


DEFINED SYMBOLS
                            *ABS*:00000000 stm32f4xx_it.c
C:\Users\kotaro\AppData\Local\Temp\ccuebts9.s:18     .text.NMI_Handler:00000000 $t
C:\Users\kotaro\AppData\Local\Temp\ccuebts9.s:25     .text.NMI_Handler:00000000 NMI_Handler
C:\Users\kotaro\AppData\Local\Temp\ccuebts9.s:39     .text.HardFault_Handler:00000000 $t
C:\Users\kotaro\AppData\Local\Temp\ccuebts9.s:46     .text.HardFault_Handler:00000000 HardFault_Handler
C:\Users\kotaro\AppData\Local\Temp\ccuebts9.s:60     .text.MemManage_Handler:00000000 $t
C:\Users\kotaro\AppData\Local\Temp\ccuebts9.s:67     .text.MemManage_Handler:00000000 MemManage_Handler
C:\Users\kotaro\AppData\Local\Temp\ccuebts9.s:81     .text.BusFault_Handler:00000000 $t
C:\Users\kotaro\AppData\Local\Temp\ccuebts9.s:88     .text.BusFault_Handler:00000000 BusFault_Handler
C:\Users\kotaro\AppData\Local\Temp\ccuebts9.s:102    .text.UsageFault_Handler:00000000 $t
C:\Users\kotaro\AppData\Local\Temp\ccuebts9.s:109    .text.UsageFault_Handler:00000000 UsageFault_Handler
C:\Users\kotaro\AppData\Local\Temp\ccuebts9.s:123    .text.SVC_Handler:00000000 $t
C:\Users\kotaro\AppData\Local\Temp\ccuebts9.s:130    .text.SVC_Handler:00000000 SVC_Handler
C:\Users\kotaro\AppData\Local\Temp\ccuebts9.s:143    .text.DebugMon_Handler:00000000 $t
C:\Users\kotaro\AppData\Local\Temp\ccuebts9.s:150    .text.DebugMon_Handler:00000000 DebugMon_Handler
C:\Users\kotaro\AppData\Local\Temp\ccuebts9.s:163    .text.PendSV_Handler:00000000 $t
C:\Users\kotaro\AppData\Local\Temp\ccuebts9.s:170    .text.PendSV_Handler:00000000 PendSV_Handler
C:\Users\kotaro\AppData\Local\Temp\ccuebts9.s:183    .text.SysTick_Handler:00000000 $t
C:\Users\kotaro\AppData\Local\Temp\ccuebts9.s:190    .text.SysTick_Handler:00000000 SysTick_Handler
C:\Users\kotaro\AppData\Local\Temp\ccuebts9.s:223    .text.SysTick_Handler:0000001c $d
C:\Users\kotaro\AppData\Local\Temp\ccuebts9.s:228    .text.TIM5_IRQHandler:00000000 $t
C:\Users\kotaro\AppData\Local\Temp\ccuebts9.s:235    .text.TIM5_IRQHandler:00000000 TIM5_IRQHandler
C:\Users\kotaro\AppData\Local\Temp\ccuebts9.s:268    .text.TIM5_IRQHandler:00000026 $d
C:\Users\kotaro\AppData\Local\Temp\ccuebts9.s:276    .text.TIM5_IRQHandler:0000002e $t
C:\Users\kotaro\AppData\Local\Temp\ccuebts9.s:351    .text.TIM5_IRQHandler:0000007c $d
C:\Users\kotaro\AppData\Local\Temp\ccuebts9.s:362    .bss.count_tim5:00000000 count_tim5
C:\Users\kotaro\AppData\Local\Temp\ccuebts9.s:363    .bss.count_tim5:00000000 $d

UNDEFINED SYMBOLS
HAL_IncTick
HAL_SYSTICK_IRQHandler
Update_gyro
update_encoder
update_batt_date
flag
HAL_TIM_IRQHandler
update_side_sen_off
IR_Contoroll
update_side_sen_on
All_IR_OFF
update_front_sen_off
update_front_sen_on
update_wall
htim5
